ARM GAS  /tmp/ccCXh8a9.s 			page 1


   1              		.cpu cortex-m7
   2              		.eabi_attribute 28, 1
   3              		.eabi_attribute 20, 1
   4              		.eabi_attribute 21, 1
   5              		.eabi_attribute 23, 3
   6              		.eabi_attribute 24, 1
   7              		.eabi_attribute 25, 1
   8              		.eabi_attribute 26, 1
   9              		.eabi_attribute 30, 1
  10              		.eabi_attribute 34, 1
  11              		.eabi_attribute 18, 4
  12              		.file	"stm32h7xx_hal_timebase_tim.c"
  13              		.text
  14              	.Ltext0:
  15              		.cfi_sections	.debug_frame
  16              		.section	.text.HAL_InitTick,"ax",%progbits
  17              		.align	1
  18              		.global	HAL_InitTick
  19              		.arch armv7e-m
  20              		.syntax unified
  21              		.thumb
  22              		.thumb_func
  23              		.fpu fpv5-d16
  25              	HAL_InitTick:
  26              	.LVL0:
  27              	.LFB141:
  28              		.file 1 "Src/stm32h7xx_hal_timebase_tim.c"
   1:Src/stm32h7xx_hal_timebase_tim.c **** /* USER CODE BEGIN Header */
   2:Src/stm32h7xx_hal_timebase_tim.c **** /**
   3:Src/stm32h7xx_hal_timebase_tim.c ****   ******************************************************************************
   4:Src/stm32h7xx_hal_timebase_tim.c ****   * @file    stm32h7xx_hal_timebase_TIM.c 
   5:Src/stm32h7xx_hal_timebase_tim.c ****   * @brief   HAL time base based on the hardware TIM.
   6:Src/stm32h7xx_hal_timebase_tim.c ****   ******************************************************************************
   7:Src/stm32h7xx_hal_timebase_tim.c ****   * @attention
   8:Src/stm32h7xx_hal_timebase_tim.c ****   *
   9:Src/stm32h7xx_hal_timebase_tim.c ****   * <h2><center>&copy; Copyright (c) 2019 STMicroelectronics.
  10:Src/stm32h7xx_hal_timebase_tim.c ****   * All rights reserved.</center></h2>
  11:Src/stm32h7xx_hal_timebase_tim.c ****   *
  12:Src/stm32h7xx_hal_timebase_tim.c ****   * This software component is licensed by ST under Ultimate Liberty license
  13:Src/stm32h7xx_hal_timebase_tim.c ****   * SLA0044, the "License"; You may not use this file except in compliance with
  14:Src/stm32h7xx_hal_timebase_tim.c ****   * the License. You may obtain a copy of the License at:
  15:Src/stm32h7xx_hal_timebase_tim.c ****   *                             www.st.com/SLA0044
  16:Src/stm32h7xx_hal_timebase_tim.c ****   *
  17:Src/stm32h7xx_hal_timebase_tim.c ****   ******************************************************************************
  18:Src/stm32h7xx_hal_timebase_tim.c ****   */
  19:Src/stm32h7xx_hal_timebase_tim.c **** /* USER CODE END Header */
  20:Src/stm32h7xx_hal_timebase_tim.c **** 
  21:Src/stm32h7xx_hal_timebase_tim.c **** /* Includes ------------------------------------------------------------------*/
  22:Src/stm32h7xx_hal_timebase_tim.c **** #include "stm32h7xx_hal.h"
  23:Src/stm32h7xx_hal_timebase_tim.c **** #include "stm32h7xx_hal_tim.h"
  24:Src/stm32h7xx_hal_timebase_tim.c ****  
  25:Src/stm32h7xx_hal_timebase_tim.c **** /* Private typedef -----------------------------------------------------------*/
  26:Src/stm32h7xx_hal_timebase_tim.c **** /* Private define ------------------------------------------------------------*/
  27:Src/stm32h7xx_hal_timebase_tim.c **** /* Private macro -------------------------------------------------------------*/
  28:Src/stm32h7xx_hal_timebase_tim.c **** /* Private variables ---------------------------------------------------------*/
  29:Src/stm32h7xx_hal_timebase_tim.c **** TIM_HandleTypeDef        htim1; 
  30:Src/stm32h7xx_hal_timebase_tim.c **** /* Private function prototypes -----------------------------------------------*/
ARM GAS  /tmp/ccCXh8a9.s 			page 2


  31:Src/stm32h7xx_hal_timebase_tim.c **** /* Private functions ---------------------------------------------------------*/
  32:Src/stm32h7xx_hal_timebase_tim.c **** 
  33:Src/stm32h7xx_hal_timebase_tim.c **** /**
  34:Src/stm32h7xx_hal_timebase_tim.c ****   * @brief  This function configures the TIM1 as a time base source. 
  35:Src/stm32h7xx_hal_timebase_tim.c ****   *         The time source is configured  to have 1ms time base with a dedicated 
  36:Src/stm32h7xx_hal_timebase_tim.c ****   *         Tick interrupt priority. 
  37:Src/stm32h7xx_hal_timebase_tim.c ****   * @note   This function is called  automatically at the beginning of program after
  38:Src/stm32h7xx_hal_timebase_tim.c ****   *         reset by HAL_Init() or at any time when clock is configured, by HAL_RCC_ClockConfig(). 
  39:Src/stm32h7xx_hal_timebase_tim.c ****   * @param  TickPriority: Tick interrupt priority.
  40:Src/stm32h7xx_hal_timebase_tim.c ****   * @retval HAL status
  41:Src/stm32h7xx_hal_timebase_tim.c ****   */
  42:Src/stm32h7xx_hal_timebase_tim.c **** HAL_StatusTypeDef HAL_InitTick(uint32_t TickPriority)
  43:Src/stm32h7xx_hal_timebase_tim.c **** {
  29              		.loc 1 43 1 view -0
  30              		.cfi_startproc
  31              		@ args = 0, pretend = 0, frame = 40
  32              		@ frame_needed = 0, uses_anonymous_args = 0
  33              		.loc 1 43 1 is_stmt 0 view .LVU1
  34 0000 00B5     		push	{lr}
  35              	.LCFI0:
  36              		.cfi_def_cfa_offset 4
  37              		.cfi_offset 14, -4
  38 0002 8BB0     		sub	sp, sp, #44
  39              	.LCFI1:
  40              		.cfi_def_cfa_offset 48
  41 0004 0146     		mov	r1, r0
  44:Src/stm32h7xx_hal_timebase_tim.c ****   RCC_ClkInitTypeDef    clkconfig;
  42              		.loc 1 44 3 is_stmt 1 view .LVU2
  45:Src/stm32h7xx_hal_timebase_tim.c ****   uint32_t              uwTimclock = 0;
  43              		.loc 1 45 3 view .LVU3
  44              	.LVL1:
  46:Src/stm32h7xx_hal_timebase_tim.c ****   uint32_t              uwPrescalerValue = 0;
  45              		.loc 1 46 3 view .LVU4
  47:Src/stm32h7xx_hal_timebase_tim.c ****   uint32_t              pFLatency;
  46              		.loc 1 47 3 view .LVU5
  48:Src/stm32h7xx_hal_timebase_tim.c ****   
  49:Src/stm32h7xx_hal_timebase_tim.c ****   /*Configure the TIM1 IRQ priority */
  50:Src/stm32h7xx_hal_timebase_tim.c ****   HAL_NVIC_SetPriority(TIM1_UP_IRQn, TickPriority ,0); 
  47              		.loc 1 50 3 view .LVU6
  48 0006 0022     		movs	r2, #0
  49 0008 1920     		movs	r0, #25
  50              	.LVL2:
  51              		.loc 1 50 3 is_stmt 0 view .LVU7
  52 000a FFF7FEFF 		bl	HAL_NVIC_SetPriority
  53              	.LVL3:
  51:Src/stm32h7xx_hal_timebase_tim.c ****   
  52:Src/stm32h7xx_hal_timebase_tim.c ****   /* Enable the TIM1 global Interrupt */
  53:Src/stm32h7xx_hal_timebase_tim.c ****   HAL_NVIC_EnableIRQ(TIM1_UP_IRQn); 
  54              		.loc 1 53 3 is_stmt 1 view .LVU8
  55 000e 1920     		movs	r0, #25
  56 0010 FFF7FEFF 		bl	HAL_NVIC_EnableIRQ
  57              	.LVL4:
  54:Src/stm32h7xx_hal_timebase_tim.c ****   
  55:Src/stm32h7xx_hal_timebase_tim.c ****   /* Enable TIM1 clock */
  56:Src/stm32h7xx_hal_timebase_tim.c ****   __HAL_RCC_TIM1_CLK_ENABLE();
  58              		.loc 1 56 3 view .LVU9
  59              	.LBB2:
ARM GAS  /tmp/ccCXh8a9.s 			page 3


  60              		.loc 1 56 3 view .LVU10
  61              		.loc 1 56 3 view .LVU11
  62 0014 164B     		ldr	r3, .L6
  63 0016 D3F8F020 		ldr	r2, [r3, #240]
  64 001a 42F00102 		orr	r2, r2, #1
  65 001e C3F8F020 		str	r2, [r3, #240]
  66              		.loc 1 56 3 view .LVU12
  67 0022 D3F8F030 		ldr	r3, [r3, #240]
  68 0026 03F00103 		and	r3, r3, #1
  69 002a 0093     		str	r3, [sp]
  70              		.loc 1 56 3 view .LVU13
  71 002c 009B     		ldr	r3, [sp]
  72              	.LBE2:
  57:Src/stm32h7xx_hal_timebase_tim.c ****   
  58:Src/stm32h7xx_hal_timebase_tim.c ****   /* Get clock configuration */
  59:Src/stm32h7xx_hal_timebase_tim.c ****   HAL_RCC_GetClockConfig(&clkconfig, &pFLatency);
  73              		.loc 1 59 3 view .LVU14
  74 002e 01A9     		add	r1, sp, #4
  75 0030 02A8     		add	r0, sp, #8
  76 0032 FFF7FEFF 		bl	HAL_RCC_GetClockConfig
  77              	.LVL5:
  60:Src/stm32h7xx_hal_timebase_tim.c ****   
  61:Src/stm32h7xx_hal_timebase_tim.c ****   /* Compute TIM1 clock */
  62:Src/stm32h7xx_hal_timebase_tim.c ****   uwTimclock = HAL_RCC_GetPCLK2Freq();
  78              		.loc 1 62 3 view .LVU15
  79              		.loc 1 62 16 is_stmt 0 view .LVU16
  80 0036 FFF7FEFF 		bl	HAL_RCC_GetPCLK2Freq
  81              	.LVL6:
  63:Src/stm32h7xx_hal_timebase_tim.c ****    
  64:Src/stm32h7xx_hal_timebase_tim.c ****   /* Compute the prescaler value to have TIM1 counter clock equal to 1MHz */
  65:Src/stm32h7xx_hal_timebase_tim.c ****   uwPrescalerValue = (uint32_t) ((uwTimclock / 1000000) - 1);
  82              		.loc 1 65 3 is_stmt 1 view .LVU17
  83              		.loc 1 65 46 is_stmt 0 view .LVU18
  84 003a 0E4B     		ldr	r3, .L6+4
  85 003c A3FB0023 		umull	r2, r3, r3, r0
  86 0040 9B0C     		lsrs	r3, r3, #18
  87              		.loc 1 65 20 view .LVU19
  88 0042 013B     		subs	r3, r3, #1
  89              	.LVL7:
  66:Src/stm32h7xx_hal_timebase_tim.c ****   
  67:Src/stm32h7xx_hal_timebase_tim.c ****   /* Initialize TIM1 */
  68:Src/stm32h7xx_hal_timebase_tim.c ****   htim1.Instance = TIM1;
  90              		.loc 1 68 3 is_stmt 1 view .LVU20
  91              		.loc 1 68 18 is_stmt 0 view .LVU21
  92 0044 0C48     		ldr	r0, .L6+8
  93              	.LVL8:
  94              		.loc 1 68 18 view .LVU22
  95 0046 0D4A     		ldr	r2, .L6+12
  96 0048 0260     		str	r2, [r0]
  69:Src/stm32h7xx_hal_timebase_tim.c ****   
  70:Src/stm32h7xx_hal_timebase_tim.c ****   /* Initialize TIMx peripheral as follow:
  71:Src/stm32h7xx_hal_timebase_tim.c ****   + Period = [(TIM1CLK/1000) - 1]. to have a (1/1000) s time base.
  72:Src/stm32h7xx_hal_timebase_tim.c ****   + Prescaler = (uwTimclock/1000000 - 1) to have a 1MHz counter clock.
  73:Src/stm32h7xx_hal_timebase_tim.c ****   + ClockDivision = 0
  74:Src/stm32h7xx_hal_timebase_tim.c ****   + Counter direction = Up
  75:Src/stm32h7xx_hal_timebase_tim.c ****   */
  76:Src/stm32h7xx_hal_timebase_tim.c ****   htim1.Init.Period = (1000000 / 1000) - 1;
ARM GAS  /tmp/ccCXh8a9.s 			page 4


  97              		.loc 1 76 3 is_stmt 1 view .LVU23
  98              		.loc 1 76 21 is_stmt 0 view .LVU24
  99 004a 40F2E732 		movw	r2, #999
 100 004e C260     		str	r2, [r0, #12]
  77:Src/stm32h7xx_hal_timebase_tim.c ****   htim1.Init.Prescaler = uwPrescalerValue;
 101              		.loc 1 77 3 is_stmt 1 view .LVU25
 102              		.loc 1 77 24 is_stmt 0 view .LVU26
 103 0050 4360     		str	r3, [r0, #4]
  78:Src/stm32h7xx_hal_timebase_tim.c ****   htim1.Init.ClockDivision = 0;
 104              		.loc 1 78 3 is_stmt 1 view .LVU27
 105              		.loc 1 78 28 is_stmt 0 view .LVU28
 106 0052 0023     		movs	r3, #0
 107              	.LVL9:
 108              		.loc 1 78 28 view .LVU29
 109 0054 0361     		str	r3, [r0, #16]
  79:Src/stm32h7xx_hal_timebase_tim.c ****   htim1.Init.CounterMode = TIM_COUNTERMODE_UP;
 110              		.loc 1 79 3 is_stmt 1 view .LVU30
 111              		.loc 1 79 26 is_stmt 0 view .LVU31
 112 0056 8360     		str	r3, [r0, #8]
  80:Src/stm32h7xx_hal_timebase_tim.c ****   if(HAL_TIM_Base_Init(&htim1) == HAL_OK)
 113              		.loc 1 80 3 is_stmt 1 view .LVU32
 114              		.loc 1 80 6 is_stmt 0 view .LVU33
 115 0058 FFF7FEFF 		bl	HAL_TIM_Base_Init
 116              	.LVL10:
 117              		.loc 1 80 5 view .LVU34
 118 005c 18B1     		cbz	r0, .L5
  81:Src/stm32h7xx_hal_timebase_tim.c ****   {
  82:Src/stm32h7xx_hal_timebase_tim.c ****     /* Start the TIM time Base generation in interrupt mode */
  83:Src/stm32h7xx_hal_timebase_tim.c ****     return HAL_TIM_Base_Start_IT(&htim1);
  84:Src/stm32h7xx_hal_timebase_tim.c ****   }
  85:Src/stm32h7xx_hal_timebase_tim.c ****   
  86:Src/stm32h7xx_hal_timebase_tim.c ****   /* Return function status */
  87:Src/stm32h7xx_hal_timebase_tim.c ****   return HAL_ERROR;
 119              		.loc 1 87 10 view .LVU35
 120 005e 0120     		movs	r0, #1
 121              	.L2:
  88:Src/stm32h7xx_hal_timebase_tim.c **** }
 122              		.loc 1 88 1 view .LVU36
 123 0060 0BB0     		add	sp, sp, #44
 124              	.LCFI2:
 125              		.cfi_remember_state
 126              		.cfi_def_cfa_offset 4
 127              		@ sp needed
 128 0062 5DF804FB 		ldr	pc, [sp], #4
 129              	.L5:
 130              	.LCFI3:
 131              		.cfi_restore_state
  83:Src/stm32h7xx_hal_timebase_tim.c ****   }
 132              		.loc 1 83 5 is_stmt 1 view .LVU37
  83:Src/stm32h7xx_hal_timebase_tim.c ****   }
 133              		.loc 1 83 12 is_stmt 0 view .LVU38
 134 0066 0448     		ldr	r0, .L6+8
 135 0068 FFF7FEFF 		bl	HAL_TIM_Base_Start_IT
 136              	.LVL11:
 137 006c F8E7     		b	.L2
 138              	.L7:
 139 006e 00BF     		.align	2
ARM GAS  /tmp/ccCXh8a9.s 			page 5


 140              	.L6:
 141 0070 00440258 		.word	1476543488
 142 0074 83DE1B43 		.word	1125899907
 143 0078 00000000 		.word	htim1
 144 007c 00000140 		.word	1073807360
 145              		.cfi_endproc
 146              	.LFE141:
 148              		.section	.text.HAL_SuspendTick,"ax",%progbits
 149              		.align	1
 150              		.global	HAL_SuspendTick
 151              		.syntax unified
 152              		.thumb
 153              		.thumb_func
 154              		.fpu fpv5-d16
 156              	HAL_SuspendTick:
 157              	.LFB142:
  89:Src/stm32h7xx_hal_timebase_tim.c **** 
  90:Src/stm32h7xx_hal_timebase_tim.c **** /**
  91:Src/stm32h7xx_hal_timebase_tim.c ****   * @brief  Suspend Tick increment.
  92:Src/stm32h7xx_hal_timebase_tim.c ****   * @note   Disable the tick increment by disabling TIM1 update interrupt.
  93:Src/stm32h7xx_hal_timebase_tim.c ****   * @param  None
  94:Src/stm32h7xx_hal_timebase_tim.c ****   * @retval None
  95:Src/stm32h7xx_hal_timebase_tim.c ****   */
  96:Src/stm32h7xx_hal_timebase_tim.c **** void HAL_SuspendTick(void)
  97:Src/stm32h7xx_hal_timebase_tim.c **** {
 158              		.loc 1 97 1 is_stmt 1 view -0
 159              		.cfi_startproc
 160              		@ args = 0, pretend = 0, frame = 0
 161              		@ frame_needed = 0, uses_anonymous_args = 0
 162              		@ link register save eliminated.
  98:Src/stm32h7xx_hal_timebase_tim.c ****   /* Disable TIM1 update Interrupt */
  99:Src/stm32h7xx_hal_timebase_tim.c ****   __HAL_TIM_DISABLE_IT(&htim1, TIM_IT_UPDATE);                                                  
 163              		.loc 1 99 3 view .LVU40
 164 0000 034B     		ldr	r3, .L9
 165 0002 1A68     		ldr	r2, [r3]
 166 0004 D368     		ldr	r3, [r2, #12]
 167 0006 23F00103 		bic	r3, r3, #1
 168 000a D360     		str	r3, [r2, #12]
 100:Src/stm32h7xx_hal_timebase_tim.c **** }
 169              		.loc 1 100 1 is_stmt 0 view .LVU41
 170 000c 7047     		bx	lr
 171              	.L10:
 172 000e 00BF     		.align	2
 173              	.L9:
 174 0010 00000000 		.word	htim1
 175              		.cfi_endproc
 176              	.LFE142:
 178              		.section	.text.HAL_ResumeTick,"ax",%progbits
 179              		.align	1
 180              		.global	HAL_ResumeTick
 181              		.syntax unified
 182              		.thumb
 183              		.thumb_func
 184              		.fpu fpv5-d16
 186              	HAL_ResumeTick:
 187              	.LFB143:
 101:Src/stm32h7xx_hal_timebase_tim.c **** 
ARM GAS  /tmp/ccCXh8a9.s 			page 6


 102:Src/stm32h7xx_hal_timebase_tim.c **** /**
 103:Src/stm32h7xx_hal_timebase_tim.c ****   * @brief  Resume Tick increment.
 104:Src/stm32h7xx_hal_timebase_tim.c ****   * @note   Enable the tick increment by Enabling TIM1 update interrupt.
 105:Src/stm32h7xx_hal_timebase_tim.c ****   * @param  None
 106:Src/stm32h7xx_hal_timebase_tim.c ****   * @retval None
 107:Src/stm32h7xx_hal_timebase_tim.c ****   */
 108:Src/stm32h7xx_hal_timebase_tim.c **** void HAL_ResumeTick(void)
 109:Src/stm32h7xx_hal_timebase_tim.c **** {
 188              		.loc 1 109 1 is_stmt 1 view -0
 189              		.cfi_startproc
 190              		@ args = 0, pretend = 0, frame = 0
 191              		@ frame_needed = 0, uses_anonymous_args = 0
 192              		@ link register save eliminated.
 110:Src/stm32h7xx_hal_timebase_tim.c ****   /* Enable TIM1 Update interrupt */
 111:Src/stm32h7xx_hal_timebase_tim.c ****   __HAL_TIM_ENABLE_IT(&htim1, TIM_IT_UPDATE);
 193              		.loc 1 111 3 view .LVU43
 194 0000 034B     		ldr	r3, .L12
 195 0002 1A68     		ldr	r2, [r3]
 196 0004 D368     		ldr	r3, [r2, #12]
 197 0006 43F00103 		orr	r3, r3, #1
 198 000a D360     		str	r3, [r2, #12]
 112:Src/stm32h7xx_hal_timebase_tim.c **** }
 199              		.loc 1 112 1 is_stmt 0 view .LVU44
 200 000c 7047     		bx	lr
 201              	.L13:
 202 000e 00BF     		.align	2
 203              	.L12:
 204 0010 00000000 		.word	htim1
 205              		.cfi_endproc
 206              	.LFE143:
 208              		.comm	htim1,64,4
 209              		.text
 210              	.Letext0:
 211              		.file 2 "/usr/arm-none-eabi/include/machine/_default_types.h"
 212              		.file 3 "/usr/arm-none-eabi/include/sys/_stdint.h"
 213              		.file 4 "Drivers/CMSIS/Include/core_cm7.h"
 214              		.file 5 "Drivers/CMSIS/Device/ST/STM32H7xx/Include/system_stm32h7xx.h"
 215              		.file 6 "Drivers/CMSIS/Device/ST/STM32H7xx/Include/stm32h743xx.h"
 216              		.file 7 "/usr/arm-none-eabi/include/sys/lock.h"
 217              		.file 8 "/usr/arm-none-eabi/include/sys/_types.h"
 218              		.file 9 "/usr/lib/gcc/arm-none-eabi/9.1.0/include/stddef.h"
 219              		.file 10 "/usr/arm-none-eabi/include/sys/reent.h"
 220              		.file 11 "/usr/arm-none-eabi/include/math.h"
 221              		.file 12 "Drivers/STM32H7xx_HAL_Driver/Inc/stm32h7xx_hal_def.h"
 222              		.file 13 "Drivers/STM32H7xx_HAL_Driver/Inc/stm32h7xx_hal_rcc.h"
 223              		.file 14 "Drivers/STM32H7xx_HAL_Driver/Inc/stm32h7xx_hal_dma.h"
 224              		.file 15 "Drivers/STM32H7xx_HAL_Driver/Inc/stm32h7xx_hal_flash.h"
 225              		.file 16 "Drivers/STM32H7xx_HAL_Driver/Inc/stm32h7xx_hal_tim.h"
 226              		.file 17 "Drivers/STM32H7xx_HAL_Driver/Inc/stm32h7xx_hal.h"
 227              		.file 18 "Drivers/STM32H7xx_HAL_Driver/Inc/stm32h7xx_hal_cortex.h"
ARM GAS  /tmp/ccCXh8a9.s 			page 7


DEFINED SYMBOLS
                            *ABS*:0000000000000000 stm32h7xx_hal_timebase_tim.c
     /tmp/ccCXh8a9.s:17     .text.HAL_InitTick:0000000000000000 $t
     /tmp/ccCXh8a9.s:25     .text.HAL_InitTick:0000000000000000 HAL_InitTick
     /tmp/ccCXh8a9.s:141    .text.HAL_InitTick:0000000000000070 $d
                            *COM*:0000000000000040 htim1
     /tmp/ccCXh8a9.s:149    .text.HAL_SuspendTick:0000000000000000 $t
     /tmp/ccCXh8a9.s:156    .text.HAL_SuspendTick:0000000000000000 HAL_SuspendTick
     /tmp/ccCXh8a9.s:174    .text.HAL_SuspendTick:0000000000000010 $d
     /tmp/ccCXh8a9.s:179    .text.HAL_ResumeTick:0000000000000000 $t
     /tmp/ccCXh8a9.s:186    .text.HAL_ResumeTick:0000000000000000 HAL_ResumeTick
     /tmp/ccCXh8a9.s:204    .text.HAL_ResumeTick:0000000000000010 $d

UNDEFINED SYMBOLS
HAL_NVIC_SetPriority
HAL_NVIC_EnableIRQ
HAL_RCC_GetClockConfig
HAL_RCC_GetPCLK2Freq
HAL_TIM_Base_Init
HAL_TIM_Base_Start_IT
