ARM GAS  /tmp/ccsXgteC.s 			page 1


   1              		.cpu cortex-m7
   2              		.eabi_attribute 28, 1
   3              		.eabi_attribute 20, 1
   4              		.eabi_attribute 21, 1
   5              		.eabi_attribute 23, 3
   6              		.eabi_attribute 24, 1
   7              		.eabi_attribute 25, 1
   8              		.eabi_attribute 26, 1
   9              		.eabi_attribute 30, 1
  10              		.eabi_attribute 34, 1
  11              		.eabi_attribute 18, 4
  12              		.file	"stm32h7xx_hal_i2c_ex.c"
  13              		.text
  14              	.Ltext0:
  15              		.cfi_sections	.debug_frame
  16              		.section	.text.HAL_I2CEx_ConfigAnalogFilter,"ax",%progbits
  17              		.align	1
  18              		.global	HAL_I2CEx_ConfigAnalogFilter
  19              		.arch armv7e-m
  20              		.syntax unified
  21              		.thumb
  22              		.thumb_func
  23              		.fpu fpv5-d16
  25              	HAL_I2CEx_ConfigAnalogFilter:
  26              	.LVL0:
  27              	.LFB141:
  28              		.file 1 "Drivers/STM32H7xx_HAL_Driver/Src/stm32h7xx_hal_i2c_ex.c"
   1:Drivers/STM32H7xx_HAL_Driver/Src/stm32h7xx_hal_i2c_ex.c **** /**
   2:Drivers/STM32H7xx_HAL_Driver/Src/stm32h7xx_hal_i2c_ex.c ****   ******************************************************************************
   3:Drivers/STM32H7xx_HAL_Driver/Src/stm32h7xx_hal_i2c_ex.c ****   * @file    stm32h7xx_hal_i2c_ex.c
   4:Drivers/STM32H7xx_HAL_Driver/Src/stm32h7xx_hal_i2c_ex.c ****   * @author  MCD Application Team
   5:Drivers/STM32H7xx_HAL_Driver/Src/stm32h7xx_hal_i2c_ex.c ****   * @brief   I2C Extended HAL module driver.
   6:Drivers/STM32H7xx_HAL_Driver/Src/stm32h7xx_hal_i2c_ex.c ****   *          This file provides firmware functions to manage the following
   7:Drivers/STM32H7xx_HAL_Driver/Src/stm32h7xx_hal_i2c_ex.c ****   *          functionalities of I2C Extended peripheral:
   8:Drivers/STM32H7xx_HAL_Driver/Src/stm32h7xx_hal_i2c_ex.c ****   *           + Extended features functions
   9:Drivers/STM32H7xx_HAL_Driver/Src/stm32h7xx_hal_i2c_ex.c ****   *
  10:Drivers/STM32H7xx_HAL_Driver/Src/stm32h7xx_hal_i2c_ex.c ****   @verbatim
  11:Drivers/STM32H7xx_HAL_Driver/Src/stm32h7xx_hal_i2c_ex.c ****   ==============================================================================
  12:Drivers/STM32H7xx_HAL_Driver/Src/stm32h7xx_hal_i2c_ex.c ****                ##### I2C peripheral Extended features  #####
  13:Drivers/STM32H7xx_HAL_Driver/Src/stm32h7xx_hal_i2c_ex.c ****   ==============================================================================
  14:Drivers/STM32H7xx_HAL_Driver/Src/stm32h7xx_hal_i2c_ex.c **** 
  15:Drivers/STM32H7xx_HAL_Driver/Src/stm32h7xx_hal_i2c_ex.c ****   [..] Comparing to other previous devices, the I2C interface for STM32H7xx
  16:Drivers/STM32H7xx_HAL_Driver/Src/stm32h7xx_hal_i2c_ex.c ****        devices contains the following additional features
  17:Drivers/STM32H7xx_HAL_Driver/Src/stm32h7xx_hal_i2c_ex.c **** 
  18:Drivers/STM32H7xx_HAL_Driver/Src/stm32h7xx_hal_i2c_ex.c ****        (+) Possibility to disable or enable Analog Noise Filter
  19:Drivers/STM32H7xx_HAL_Driver/Src/stm32h7xx_hal_i2c_ex.c ****        (+) Use of a configured Digital Noise Filter
  20:Drivers/STM32H7xx_HAL_Driver/Src/stm32h7xx_hal_i2c_ex.c ****        (+) Disable or enable wakeup from Stop mode(s)
  21:Drivers/STM32H7xx_HAL_Driver/Src/stm32h7xx_hal_i2c_ex.c ****        (+) Disable or enable Fast Mode Plus
  22:Drivers/STM32H7xx_HAL_Driver/Src/stm32h7xx_hal_i2c_ex.c **** 
  23:Drivers/STM32H7xx_HAL_Driver/Src/stm32h7xx_hal_i2c_ex.c ****                      ##### How to use this driver #####
  24:Drivers/STM32H7xx_HAL_Driver/Src/stm32h7xx_hal_i2c_ex.c ****   ==============================================================================
  25:Drivers/STM32H7xx_HAL_Driver/Src/stm32h7xx_hal_i2c_ex.c ****   [..] This driver provides functions to configure Noise Filter and Wake Up Feature
  26:Drivers/STM32H7xx_HAL_Driver/Src/stm32h7xx_hal_i2c_ex.c ****     (#) Configure I2C Analog noise filter using the function HAL_I2CEx_ConfigAnalogFilter()
  27:Drivers/STM32H7xx_HAL_Driver/Src/stm32h7xx_hal_i2c_ex.c ****     (#) Configure I2C Digital noise filter using the function HAL_I2CEx_ConfigDigitalFilter()
  28:Drivers/STM32H7xx_HAL_Driver/Src/stm32h7xx_hal_i2c_ex.c ****     (#) Configure the enable or disable of I2C Wake Up Mode using the functions :
  29:Drivers/STM32H7xx_HAL_Driver/Src/stm32h7xx_hal_i2c_ex.c ****           (++) HAL_I2CEx_EnableWakeUp()
  30:Drivers/STM32H7xx_HAL_Driver/Src/stm32h7xx_hal_i2c_ex.c ****           (++) HAL_I2CEx_DisableWakeUp()
ARM GAS  /tmp/ccsXgteC.s 			page 2


  31:Drivers/STM32H7xx_HAL_Driver/Src/stm32h7xx_hal_i2c_ex.c ****     (#) Configure the enable or disable of fast mode plus driving capability using the functions :
  32:Drivers/STM32H7xx_HAL_Driver/Src/stm32h7xx_hal_i2c_ex.c ****           (++) HAL_I2CEx_EnableFastModePlus()
  33:Drivers/STM32H7xx_HAL_Driver/Src/stm32h7xx_hal_i2c_ex.c ****           (++) HAL_I2CEx_DisableFastModePlus()
  34:Drivers/STM32H7xx_HAL_Driver/Src/stm32h7xx_hal_i2c_ex.c ****   @endverbatim
  35:Drivers/STM32H7xx_HAL_Driver/Src/stm32h7xx_hal_i2c_ex.c ****   ******************************************************************************
  36:Drivers/STM32H7xx_HAL_Driver/Src/stm32h7xx_hal_i2c_ex.c ****   * @attention
  37:Drivers/STM32H7xx_HAL_Driver/Src/stm32h7xx_hal_i2c_ex.c ****   *
  38:Drivers/STM32H7xx_HAL_Driver/Src/stm32h7xx_hal_i2c_ex.c ****   * <h2><center>&copy; Copyright (c) 2017 STMicroelectronics.
  39:Drivers/STM32H7xx_HAL_Driver/Src/stm32h7xx_hal_i2c_ex.c ****   * All rights reserved.</center></h2>
  40:Drivers/STM32H7xx_HAL_Driver/Src/stm32h7xx_hal_i2c_ex.c ****   *
  41:Drivers/STM32H7xx_HAL_Driver/Src/stm32h7xx_hal_i2c_ex.c ****   * This software component is licensed by ST under BSD 3-Clause license,
  42:Drivers/STM32H7xx_HAL_Driver/Src/stm32h7xx_hal_i2c_ex.c ****   * the "License"; You may not use this file except in compliance with the
  43:Drivers/STM32H7xx_HAL_Driver/Src/stm32h7xx_hal_i2c_ex.c ****   * License. You may obtain a copy of the License at:
  44:Drivers/STM32H7xx_HAL_Driver/Src/stm32h7xx_hal_i2c_ex.c ****   *                        opensource.org/licenses/BSD-3-Clause
  45:Drivers/STM32H7xx_HAL_Driver/Src/stm32h7xx_hal_i2c_ex.c ****   *
  46:Drivers/STM32H7xx_HAL_Driver/Src/stm32h7xx_hal_i2c_ex.c ****   ******************************************************************************
  47:Drivers/STM32H7xx_HAL_Driver/Src/stm32h7xx_hal_i2c_ex.c ****   */
  48:Drivers/STM32H7xx_HAL_Driver/Src/stm32h7xx_hal_i2c_ex.c **** 
  49:Drivers/STM32H7xx_HAL_Driver/Src/stm32h7xx_hal_i2c_ex.c **** /* Includes ------------------------------------------------------------------*/
  50:Drivers/STM32H7xx_HAL_Driver/Src/stm32h7xx_hal_i2c_ex.c **** #include "stm32h7xx_hal.h"
  51:Drivers/STM32H7xx_HAL_Driver/Src/stm32h7xx_hal_i2c_ex.c **** 
  52:Drivers/STM32H7xx_HAL_Driver/Src/stm32h7xx_hal_i2c_ex.c **** /** @addtogroup STM32H7xx_HAL_Driver
  53:Drivers/STM32H7xx_HAL_Driver/Src/stm32h7xx_hal_i2c_ex.c ****   * @{
  54:Drivers/STM32H7xx_HAL_Driver/Src/stm32h7xx_hal_i2c_ex.c ****   */
  55:Drivers/STM32H7xx_HAL_Driver/Src/stm32h7xx_hal_i2c_ex.c **** 
  56:Drivers/STM32H7xx_HAL_Driver/Src/stm32h7xx_hal_i2c_ex.c **** /** @defgroup I2CEx I2CEx
  57:Drivers/STM32H7xx_HAL_Driver/Src/stm32h7xx_hal_i2c_ex.c ****   * @brief I2C Extended HAL module driver
  58:Drivers/STM32H7xx_HAL_Driver/Src/stm32h7xx_hal_i2c_ex.c ****   * @{
  59:Drivers/STM32H7xx_HAL_Driver/Src/stm32h7xx_hal_i2c_ex.c ****   */
  60:Drivers/STM32H7xx_HAL_Driver/Src/stm32h7xx_hal_i2c_ex.c **** 
  61:Drivers/STM32H7xx_HAL_Driver/Src/stm32h7xx_hal_i2c_ex.c **** #ifdef HAL_I2C_MODULE_ENABLED
  62:Drivers/STM32H7xx_HAL_Driver/Src/stm32h7xx_hal_i2c_ex.c **** 
  63:Drivers/STM32H7xx_HAL_Driver/Src/stm32h7xx_hal_i2c_ex.c **** /* Private typedef -----------------------------------------------------------*/
  64:Drivers/STM32H7xx_HAL_Driver/Src/stm32h7xx_hal_i2c_ex.c **** /* Private define ------------------------------------------------------------*/
  65:Drivers/STM32H7xx_HAL_Driver/Src/stm32h7xx_hal_i2c_ex.c **** /* Private macro -------------------------------------------------------------*/
  66:Drivers/STM32H7xx_HAL_Driver/Src/stm32h7xx_hal_i2c_ex.c **** /* Private variables ---------------------------------------------------------*/
  67:Drivers/STM32H7xx_HAL_Driver/Src/stm32h7xx_hal_i2c_ex.c **** /* Private function prototypes -----------------------------------------------*/
  68:Drivers/STM32H7xx_HAL_Driver/Src/stm32h7xx_hal_i2c_ex.c **** /* Private functions ---------------------------------------------------------*/
  69:Drivers/STM32H7xx_HAL_Driver/Src/stm32h7xx_hal_i2c_ex.c **** 
  70:Drivers/STM32H7xx_HAL_Driver/Src/stm32h7xx_hal_i2c_ex.c **** /** @defgroup I2CEx_Exported_Functions I2C Extended Exported Functions
  71:Drivers/STM32H7xx_HAL_Driver/Src/stm32h7xx_hal_i2c_ex.c ****   * @{
  72:Drivers/STM32H7xx_HAL_Driver/Src/stm32h7xx_hal_i2c_ex.c ****   */
  73:Drivers/STM32H7xx_HAL_Driver/Src/stm32h7xx_hal_i2c_ex.c **** 
  74:Drivers/STM32H7xx_HAL_Driver/Src/stm32h7xx_hal_i2c_ex.c **** /** @defgroup I2CEx_Exported_Functions_Group1 Extended features functions
  75:Drivers/STM32H7xx_HAL_Driver/Src/stm32h7xx_hal_i2c_ex.c ****   * @brief    Extended features functions
  76:Drivers/STM32H7xx_HAL_Driver/Src/stm32h7xx_hal_i2c_ex.c ****  *
  77:Drivers/STM32H7xx_HAL_Driver/Src/stm32h7xx_hal_i2c_ex.c **** @verbatim
  78:Drivers/STM32H7xx_HAL_Driver/Src/stm32h7xx_hal_i2c_ex.c ****  ===============================================================================
  79:Drivers/STM32H7xx_HAL_Driver/Src/stm32h7xx_hal_i2c_ex.c ****                       ##### Extended features functions #####
  80:Drivers/STM32H7xx_HAL_Driver/Src/stm32h7xx_hal_i2c_ex.c ****  ===============================================================================
  81:Drivers/STM32H7xx_HAL_Driver/Src/stm32h7xx_hal_i2c_ex.c ****     [..] This section provides functions allowing to:
  82:Drivers/STM32H7xx_HAL_Driver/Src/stm32h7xx_hal_i2c_ex.c ****       (+) Configure Noise Filters
  83:Drivers/STM32H7xx_HAL_Driver/Src/stm32h7xx_hal_i2c_ex.c ****       (+) Configure Wake Up Feature
  84:Drivers/STM32H7xx_HAL_Driver/Src/stm32h7xx_hal_i2c_ex.c ****       (+) Configure Fast Mode Plus
  85:Drivers/STM32H7xx_HAL_Driver/Src/stm32h7xx_hal_i2c_ex.c **** 
  86:Drivers/STM32H7xx_HAL_Driver/Src/stm32h7xx_hal_i2c_ex.c **** @endverbatim
  87:Drivers/STM32H7xx_HAL_Driver/Src/stm32h7xx_hal_i2c_ex.c ****   * @{
ARM GAS  /tmp/ccsXgteC.s 			page 3


  88:Drivers/STM32H7xx_HAL_Driver/Src/stm32h7xx_hal_i2c_ex.c ****   */
  89:Drivers/STM32H7xx_HAL_Driver/Src/stm32h7xx_hal_i2c_ex.c **** 
  90:Drivers/STM32H7xx_HAL_Driver/Src/stm32h7xx_hal_i2c_ex.c **** /**
  91:Drivers/STM32H7xx_HAL_Driver/Src/stm32h7xx_hal_i2c_ex.c ****   * @brief  Configure I2C Analog noise filter.
  92:Drivers/STM32H7xx_HAL_Driver/Src/stm32h7xx_hal_i2c_ex.c ****   * @param  hi2c Pointer to a I2C_HandleTypeDef structure that contains
  93:Drivers/STM32H7xx_HAL_Driver/Src/stm32h7xx_hal_i2c_ex.c ****   *                the configuration information for the specified I2Cx peripheral.
  94:Drivers/STM32H7xx_HAL_Driver/Src/stm32h7xx_hal_i2c_ex.c ****   * @param  AnalogFilter New state of the Analog filter.
  95:Drivers/STM32H7xx_HAL_Driver/Src/stm32h7xx_hal_i2c_ex.c ****   * @retval HAL status
  96:Drivers/STM32H7xx_HAL_Driver/Src/stm32h7xx_hal_i2c_ex.c ****   */
  97:Drivers/STM32H7xx_HAL_Driver/Src/stm32h7xx_hal_i2c_ex.c **** HAL_StatusTypeDef HAL_I2CEx_ConfigAnalogFilter(I2C_HandleTypeDef *hi2c, uint32_t AnalogFilter)
  98:Drivers/STM32H7xx_HAL_Driver/Src/stm32h7xx_hal_i2c_ex.c **** {
  29              		.loc 1 98 1 view -0
  30              		.cfi_startproc
  31              		@ args = 0, pretend = 0, frame = 0
  32              		@ frame_needed = 0, uses_anonymous_args = 0
  33              		@ link register save eliminated.
  99:Drivers/STM32H7xx_HAL_Driver/Src/stm32h7xx_hal_i2c_ex.c ****   /* Check the parameters */
 100:Drivers/STM32H7xx_HAL_Driver/Src/stm32h7xx_hal_i2c_ex.c ****   assert_param(IS_I2C_ALL_INSTANCE(hi2c->Instance));
  34              		.loc 1 100 3 view .LVU1
 101:Drivers/STM32H7xx_HAL_Driver/Src/stm32h7xx_hal_i2c_ex.c ****   assert_param(IS_I2C_ANALOG_FILTER(AnalogFilter));
  35              		.loc 1 101 3 view .LVU2
 102:Drivers/STM32H7xx_HAL_Driver/Src/stm32h7xx_hal_i2c_ex.c **** 
 103:Drivers/STM32H7xx_HAL_Driver/Src/stm32h7xx_hal_i2c_ex.c ****   if (hi2c->State == HAL_I2C_STATE_READY)
  36              		.loc 1 103 3 view .LVU3
  37              		.loc 1 103 11 is_stmt 0 view .LVU4
  38 0000 90F84130 		ldrb	r3, [r0, #65]	@ zero_extendqisi2
  39 0004 DBB2     		uxtb	r3, r3
  40              		.loc 1 103 6 view .LVU5
  41 0006 202B     		cmp	r3, #32
  42 0008 24D1     		bne	.L3
 104:Drivers/STM32H7xx_HAL_Driver/Src/stm32h7xx_hal_i2c_ex.c ****   {
 105:Drivers/STM32H7xx_HAL_Driver/Src/stm32h7xx_hal_i2c_ex.c ****     /* Process Locked */
 106:Drivers/STM32H7xx_HAL_Driver/Src/stm32h7xx_hal_i2c_ex.c ****     __HAL_LOCK(hi2c);
  43              		.loc 1 106 5 is_stmt 1 view .LVU6
  44              		.loc 1 106 5 view .LVU7
  45 000a 90F84030 		ldrb	r3, [r0, #64]	@ zero_extendqisi2
  46 000e 012B     		cmp	r3, #1
  47 0010 22D0     		beq	.L4
  48              		.loc 1 106 5 discriminator 2 view .LVU8
  49 0012 0123     		movs	r3, #1
  50 0014 80F84030 		strb	r3, [r0, #64]
 107:Drivers/STM32H7xx_HAL_Driver/Src/stm32h7xx_hal_i2c_ex.c **** 
 108:Drivers/STM32H7xx_HAL_Driver/Src/stm32h7xx_hal_i2c_ex.c ****     hi2c->State = HAL_I2C_STATE_BUSY;
  51              		.loc 1 108 5 discriminator 2 view .LVU9
  52              		.loc 1 108 17 is_stmt 0 discriminator 2 view .LVU10
  53 0018 2423     		movs	r3, #36
  54 001a 80F84130 		strb	r3, [r0, #65]
 109:Drivers/STM32H7xx_HAL_Driver/Src/stm32h7xx_hal_i2c_ex.c **** 
 110:Drivers/STM32H7xx_HAL_Driver/Src/stm32h7xx_hal_i2c_ex.c ****     /* Disable the selected I2C peripheral */
 111:Drivers/STM32H7xx_HAL_Driver/Src/stm32h7xx_hal_i2c_ex.c ****     __HAL_I2C_DISABLE(hi2c);
  55              		.loc 1 111 5 is_stmt 1 discriminator 2 view .LVU11
  56 001e 0268     		ldr	r2, [r0]
  57 0020 1368     		ldr	r3, [r2]
  58 0022 23F00103 		bic	r3, r3, #1
  59 0026 1360     		str	r3, [r2]
 112:Drivers/STM32H7xx_HAL_Driver/Src/stm32h7xx_hal_i2c_ex.c **** 
 113:Drivers/STM32H7xx_HAL_Driver/Src/stm32h7xx_hal_i2c_ex.c ****     /* Reset I2Cx ANOFF bit */
ARM GAS  /tmp/ccsXgteC.s 			page 4


 114:Drivers/STM32H7xx_HAL_Driver/Src/stm32h7xx_hal_i2c_ex.c ****     hi2c->Instance->CR1 &= ~(I2C_CR1_ANFOFF);
  60              		.loc 1 114 5 discriminator 2 view .LVU12
  61              		.loc 1 114 9 is_stmt 0 discriminator 2 view .LVU13
  62 0028 0268     		ldr	r2, [r0]
  63              		.loc 1 114 25 discriminator 2 view .LVU14
  64 002a 1368     		ldr	r3, [r2]
  65 002c 23F48053 		bic	r3, r3, #4096
  66 0030 1360     		str	r3, [r2]
 115:Drivers/STM32H7xx_HAL_Driver/Src/stm32h7xx_hal_i2c_ex.c **** 
 116:Drivers/STM32H7xx_HAL_Driver/Src/stm32h7xx_hal_i2c_ex.c ****     /* Set analog filter bit*/
 117:Drivers/STM32H7xx_HAL_Driver/Src/stm32h7xx_hal_i2c_ex.c ****     hi2c->Instance->CR1 |= AnalogFilter;
  67              		.loc 1 117 5 is_stmt 1 discriminator 2 view .LVU15
  68              		.loc 1 117 9 is_stmt 0 discriminator 2 view .LVU16
  69 0032 0268     		ldr	r2, [r0]
  70              		.loc 1 117 25 discriminator 2 view .LVU17
  71 0034 1368     		ldr	r3, [r2]
  72 0036 1943     		orrs	r1, r1, r3
  73              	.LVL1:
  74              		.loc 1 117 25 discriminator 2 view .LVU18
  75 0038 1160     		str	r1, [r2]
 118:Drivers/STM32H7xx_HAL_Driver/Src/stm32h7xx_hal_i2c_ex.c **** 
 119:Drivers/STM32H7xx_HAL_Driver/Src/stm32h7xx_hal_i2c_ex.c ****     __HAL_I2C_ENABLE(hi2c);
  76              		.loc 1 119 5 is_stmt 1 discriminator 2 view .LVU19
  77 003a 0268     		ldr	r2, [r0]
  78 003c 1368     		ldr	r3, [r2]
  79 003e 43F00103 		orr	r3, r3, #1
  80 0042 1360     		str	r3, [r2]
 120:Drivers/STM32H7xx_HAL_Driver/Src/stm32h7xx_hal_i2c_ex.c **** 
 121:Drivers/STM32H7xx_HAL_Driver/Src/stm32h7xx_hal_i2c_ex.c ****     hi2c->State = HAL_I2C_STATE_READY;
  81              		.loc 1 121 5 discriminator 2 view .LVU20
  82              		.loc 1 121 17 is_stmt 0 discriminator 2 view .LVU21
  83 0044 2023     		movs	r3, #32
  84 0046 80F84130 		strb	r3, [r0, #65]
 122:Drivers/STM32H7xx_HAL_Driver/Src/stm32h7xx_hal_i2c_ex.c **** 
 123:Drivers/STM32H7xx_HAL_Driver/Src/stm32h7xx_hal_i2c_ex.c ****     /* Process Unlocked */
 124:Drivers/STM32H7xx_HAL_Driver/Src/stm32h7xx_hal_i2c_ex.c ****     __HAL_UNLOCK(hi2c);
  85              		.loc 1 124 5 is_stmt 1 discriminator 2 view .LVU22
  86              		.loc 1 124 5 discriminator 2 view .LVU23
  87 004a 0023     		movs	r3, #0
  88 004c 80F84030 		strb	r3, [r0, #64]
 125:Drivers/STM32H7xx_HAL_Driver/Src/stm32h7xx_hal_i2c_ex.c **** 
 126:Drivers/STM32H7xx_HAL_Driver/Src/stm32h7xx_hal_i2c_ex.c ****     return HAL_OK;
  89              		.loc 1 126 5 discriminator 2 view .LVU24
  90              		.loc 1 126 12 is_stmt 0 discriminator 2 view .LVU25
  91 0050 1846     		mov	r0, r3
  92              	.LVL2:
  93              		.loc 1 126 12 discriminator 2 view .LVU26
  94 0052 7047     		bx	lr
  95              	.LVL3:
  96              	.L3:
 127:Drivers/STM32H7xx_HAL_Driver/Src/stm32h7xx_hal_i2c_ex.c ****   }
 128:Drivers/STM32H7xx_HAL_Driver/Src/stm32h7xx_hal_i2c_ex.c ****   else
 129:Drivers/STM32H7xx_HAL_Driver/Src/stm32h7xx_hal_i2c_ex.c ****   {
 130:Drivers/STM32H7xx_HAL_Driver/Src/stm32h7xx_hal_i2c_ex.c ****     return HAL_BUSY;
  97              		.loc 1 130 12 view .LVU27
  98 0054 0220     		movs	r0, #2
  99              	.LVL4:
ARM GAS  /tmp/ccsXgteC.s 			page 5


 100              		.loc 1 130 12 view .LVU28
 101 0056 7047     		bx	lr
 102              	.LVL5:
 103              	.L4:
 106:Drivers/STM32H7xx_HAL_Driver/Src/stm32h7xx_hal_i2c_ex.c **** 
 104              		.loc 1 106 5 view .LVU29
 105 0058 0220     		movs	r0, #2
 106              	.LVL6:
 131:Drivers/STM32H7xx_HAL_Driver/Src/stm32h7xx_hal_i2c_ex.c ****   }
 132:Drivers/STM32H7xx_HAL_Driver/Src/stm32h7xx_hal_i2c_ex.c **** }
 107              		.loc 1 132 1 view .LVU30
 108 005a 7047     		bx	lr
 109              		.cfi_endproc
 110              	.LFE141:
 112              		.section	.text.HAL_I2CEx_ConfigDigitalFilter,"ax",%progbits
 113              		.align	1
 114              		.global	HAL_I2CEx_ConfigDigitalFilter
 115              		.syntax unified
 116              		.thumb
 117              		.thumb_func
 118              		.fpu fpv5-d16
 120              	HAL_I2CEx_ConfigDigitalFilter:
 121              	.LVL7:
 122              	.LFB142:
 133:Drivers/STM32H7xx_HAL_Driver/Src/stm32h7xx_hal_i2c_ex.c **** 
 134:Drivers/STM32H7xx_HAL_Driver/Src/stm32h7xx_hal_i2c_ex.c **** /**
 135:Drivers/STM32H7xx_HAL_Driver/Src/stm32h7xx_hal_i2c_ex.c ****   * @brief  Configure I2C Digital noise filter.
 136:Drivers/STM32H7xx_HAL_Driver/Src/stm32h7xx_hal_i2c_ex.c ****   * @param  hi2c Pointer to a I2C_HandleTypeDef structure that contains
 137:Drivers/STM32H7xx_HAL_Driver/Src/stm32h7xx_hal_i2c_ex.c ****   *                the configuration information for the specified I2Cx peripheral.
 138:Drivers/STM32H7xx_HAL_Driver/Src/stm32h7xx_hal_i2c_ex.c ****   * @param  DigitalFilter Coefficient of digital noise filter between Min_Data=0x00 and Max_Data=0x
 139:Drivers/STM32H7xx_HAL_Driver/Src/stm32h7xx_hal_i2c_ex.c ****   * @retval HAL status
 140:Drivers/STM32H7xx_HAL_Driver/Src/stm32h7xx_hal_i2c_ex.c ****   */
 141:Drivers/STM32H7xx_HAL_Driver/Src/stm32h7xx_hal_i2c_ex.c **** HAL_StatusTypeDef HAL_I2CEx_ConfigDigitalFilter(I2C_HandleTypeDef *hi2c, uint32_t DigitalFilter)
 142:Drivers/STM32H7xx_HAL_Driver/Src/stm32h7xx_hal_i2c_ex.c **** {
 123              		.loc 1 142 1 is_stmt 1 view -0
 124              		.cfi_startproc
 125              		@ args = 0, pretend = 0, frame = 0
 126              		@ frame_needed = 0, uses_anonymous_args = 0
 127              		@ link register save eliminated.
 143:Drivers/STM32H7xx_HAL_Driver/Src/stm32h7xx_hal_i2c_ex.c ****   uint32_t tmpreg;
 128              		.loc 1 143 3 view .LVU32
 144:Drivers/STM32H7xx_HAL_Driver/Src/stm32h7xx_hal_i2c_ex.c **** 
 145:Drivers/STM32H7xx_HAL_Driver/Src/stm32h7xx_hal_i2c_ex.c ****   /* Check the parameters */
 146:Drivers/STM32H7xx_HAL_Driver/Src/stm32h7xx_hal_i2c_ex.c ****   assert_param(IS_I2C_ALL_INSTANCE(hi2c->Instance));
 129              		.loc 1 146 3 view .LVU33
 147:Drivers/STM32H7xx_HAL_Driver/Src/stm32h7xx_hal_i2c_ex.c ****   assert_param(IS_I2C_DIGITAL_FILTER(DigitalFilter));
 130              		.loc 1 147 3 view .LVU34
 148:Drivers/STM32H7xx_HAL_Driver/Src/stm32h7xx_hal_i2c_ex.c **** 
 149:Drivers/STM32H7xx_HAL_Driver/Src/stm32h7xx_hal_i2c_ex.c ****   if (hi2c->State == HAL_I2C_STATE_READY)
 131              		.loc 1 149 3 view .LVU35
 132              		.loc 1 149 11 is_stmt 0 view .LVU36
 133 0000 90F84130 		ldrb	r3, [r0, #65]	@ zero_extendqisi2
 134 0004 DBB2     		uxtb	r3, r3
 135              		.loc 1 149 6 view .LVU37
 136 0006 202B     		cmp	r3, #32
 137 0008 22D1     		bne	.L7
 150:Drivers/STM32H7xx_HAL_Driver/Src/stm32h7xx_hal_i2c_ex.c ****   {
ARM GAS  /tmp/ccsXgteC.s 			page 6


 151:Drivers/STM32H7xx_HAL_Driver/Src/stm32h7xx_hal_i2c_ex.c ****     /* Process Locked */
 152:Drivers/STM32H7xx_HAL_Driver/Src/stm32h7xx_hal_i2c_ex.c ****     __HAL_LOCK(hi2c);
 138              		.loc 1 152 5 is_stmt 1 view .LVU38
 139              		.loc 1 152 5 view .LVU39
 140 000a 90F84030 		ldrb	r3, [r0, #64]	@ zero_extendqisi2
 141 000e 012B     		cmp	r3, #1
 142 0010 20D0     		beq	.L8
 143              		.loc 1 152 5 discriminator 2 view .LVU40
 144 0012 0123     		movs	r3, #1
 145 0014 80F84030 		strb	r3, [r0, #64]
 153:Drivers/STM32H7xx_HAL_Driver/Src/stm32h7xx_hal_i2c_ex.c **** 
 154:Drivers/STM32H7xx_HAL_Driver/Src/stm32h7xx_hal_i2c_ex.c ****     hi2c->State = HAL_I2C_STATE_BUSY;
 146              		.loc 1 154 5 discriminator 2 view .LVU41
 147              		.loc 1 154 17 is_stmt 0 discriminator 2 view .LVU42
 148 0018 2423     		movs	r3, #36
 149 001a 80F84130 		strb	r3, [r0, #65]
 155:Drivers/STM32H7xx_HAL_Driver/Src/stm32h7xx_hal_i2c_ex.c **** 
 156:Drivers/STM32H7xx_HAL_Driver/Src/stm32h7xx_hal_i2c_ex.c ****     /* Disable the selected I2C peripheral */
 157:Drivers/STM32H7xx_HAL_Driver/Src/stm32h7xx_hal_i2c_ex.c ****     __HAL_I2C_DISABLE(hi2c);
 150              		.loc 1 157 5 is_stmt 1 discriminator 2 view .LVU43
 151 001e 0268     		ldr	r2, [r0]
 152 0020 1368     		ldr	r3, [r2]
 153 0022 23F00103 		bic	r3, r3, #1
 154 0026 1360     		str	r3, [r2]
 158:Drivers/STM32H7xx_HAL_Driver/Src/stm32h7xx_hal_i2c_ex.c **** 
 159:Drivers/STM32H7xx_HAL_Driver/Src/stm32h7xx_hal_i2c_ex.c ****     /* Get the old register value */
 160:Drivers/STM32H7xx_HAL_Driver/Src/stm32h7xx_hal_i2c_ex.c ****     tmpreg = hi2c->Instance->CR1;
 155              		.loc 1 160 5 discriminator 2 view .LVU44
 156              		.loc 1 160 18 is_stmt 0 discriminator 2 view .LVU45
 157 0028 0268     		ldr	r2, [r0]
 158              		.loc 1 160 12 discriminator 2 view .LVU46
 159 002a 1368     		ldr	r3, [r2]
 160              	.LVL8:
 161:Drivers/STM32H7xx_HAL_Driver/Src/stm32h7xx_hal_i2c_ex.c **** 
 162:Drivers/STM32H7xx_HAL_Driver/Src/stm32h7xx_hal_i2c_ex.c ****     /* Reset I2Cx DNF bits [11:8] */
 163:Drivers/STM32H7xx_HAL_Driver/Src/stm32h7xx_hal_i2c_ex.c ****     tmpreg &= ~(I2C_CR1_DNF);
 161              		.loc 1 163 5 is_stmt 1 discriminator 2 view .LVU47
 162              		.loc 1 163 12 is_stmt 0 discriminator 2 view .LVU48
 163 002c 23F47063 		bic	r3, r3, #3840
 164              	.LVL9:
 164:Drivers/STM32H7xx_HAL_Driver/Src/stm32h7xx_hal_i2c_ex.c **** 
 165:Drivers/STM32H7xx_HAL_Driver/Src/stm32h7xx_hal_i2c_ex.c ****     /* Set I2Cx DNF coefficient */
 166:Drivers/STM32H7xx_HAL_Driver/Src/stm32h7xx_hal_i2c_ex.c ****     tmpreg |= DigitalFilter << 8U;
 165              		.loc 1 166 5 is_stmt 1 discriminator 2 view .LVU49
 166              		.loc 1 166 12 is_stmt 0 discriminator 2 view .LVU50
 167 0030 43EA0121 		orr	r1, r3, r1, lsl #8
 168              	.LVL10:
 167:Drivers/STM32H7xx_HAL_Driver/Src/stm32h7xx_hal_i2c_ex.c **** 
 168:Drivers/STM32H7xx_HAL_Driver/Src/stm32h7xx_hal_i2c_ex.c ****     /* Store the new register value */
 169:Drivers/STM32H7xx_HAL_Driver/Src/stm32h7xx_hal_i2c_ex.c ****     hi2c->Instance->CR1 = tmpreg;
 169              		.loc 1 169 5 is_stmt 1 discriminator 2 view .LVU51
 170              		.loc 1 169 25 is_stmt 0 discriminator 2 view .LVU52
 171 0034 1160     		str	r1, [r2]
 170:Drivers/STM32H7xx_HAL_Driver/Src/stm32h7xx_hal_i2c_ex.c **** 
 171:Drivers/STM32H7xx_HAL_Driver/Src/stm32h7xx_hal_i2c_ex.c ****     __HAL_I2C_ENABLE(hi2c);
 172              		.loc 1 171 5 is_stmt 1 discriminator 2 view .LVU53
 173 0036 0268     		ldr	r2, [r0]
ARM GAS  /tmp/ccsXgteC.s 			page 7


 174 0038 1368     		ldr	r3, [r2]
 175 003a 43F00103 		orr	r3, r3, #1
 176 003e 1360     		str	r3, [r2]
 172:Drivers/STM32H7xx_HAL_Driver/Src/stm32h7xx_hal_i2c_ex.c **** 
 173:Drivers/STM32H7xx_HAL_Driver/Src/stm32h7xx_hal_i2c_ex.c ****     hi2c->State = HAL_I2C_STATE_READY;
 177              		.loc 1 173 5 discriminator 2 view .LVU54
 178              		.loc 1 173 17 is_stmt 0 discriminator 2 view .LVU55
 179 0040 2023     		movs	r3, #32
 180 0042 80F84130 		strb	r3, [r0, #65]
 174:Drivers/STM32H7xx_HAL_Driver/Src/stm32h7xx_hal_i2c_ex.c **** 
 175:Drivers/STM32H7xx_HAL_Driver/Src/stm32h7xx_hal_i2c_ex.c ****     /* Process Unlocked */
 176:Drivers/STM32H7xx_HAL_Driver/Src/stm32h7xx_hal_i2c_ex.c ****     __HAL_UNLOCK(hi2c);
 181              		.loc 1 176 5 is_stmt 1 discriminator 2 view .LVU56
 182              		.loc 1 176 5 discriminator 2 view .LVU57
 183 0046 0023     		movs	r3, #0
 184 0048 80F84030 		strb	r3, [r0, #64]
 177:Drivers/STM32H7xx_HAL_Driver/Src/stm32h7xx_hal_i2c_ex.c **** 
 178:Drivers/STM32H7xx_HAL_Driver/Src/stm32h7xx_hal_i2c_ex.c ****     return HAL_OK;
 185              		.loc 1 178 5 discriminator 2 view .LVU58
 186              		.loc 1 178 12 is_stmt 0 discriminator 2 view .LVU59
 187 004c 1846     		mov	r0, r3
 188              	.LVL11:
 189              		.loc 1 178 12 discriminator 2 view .LVU60
 190 004e 7047     		bx	lr
 191              	.LVL12:
 192              	.L7:
 179:Drivers/STM32H7xx_HAL_Driver/Src/stm32h7xx_hal_i2c_ex.c ****   }
 180:Drivers/STM32H7xx_HAL_Driver/Src/stm32h7xx_hal_i2c_ex.c ****   else
 181:Drivers/STM32H7xx_HAL_Driver/Src/stm32h7xx_hal_i2c_ex.c ****   {
 182:Drivers/STM32H7xx_HAL_Driver/Src/stm32h7xx_hal_i2c_ex.c ****     return HAL_BUSY;
 193              		.loc 1 182 12 view .LVU61
 194 0050 0220     		movs	r0, #2
 195              	.LVL13:
 196              		.loc 1 182 12 view .LVU62
 197 0052 7047     		bx	lr
 198              	.LVL14:
 199              	.L8:
 152:Drivers/STM32H7xx_HAL_Driver/Src/stm32h7xx_hal_i2c_ex.c **** 
 200              		.loc 1 152 5 view .LVU63
 201 0054 0220     		movs	r0, #2
 202              	.LVL15:
 183:Drivers/STM32H7xx_HAL_Driver/Src/stm32h7xx_hal_i2c_ex.c ****   }
 184:Drivers/STM32H7xx_HAL_Driver/Src/stm32h7xx_hal_i2c_ex.c **** }
 203              		.loc 1 184 1 view .LVU64
 204 0056 7047     		bx	lr
 205              		.cfi_endproc
 206              	.LFE142:
 208              		.section	.text.HAL_I2CEx_EnableWakeUp,"ax",%progbits
 209              		.align	1
 210              		.global	HAL_I2CEx_EnableWakeUp
 211              		.syntax unified
 212              		.thumb
 213              		.thumb_func
 214              		.fpu fpv5-d16
 216              	HAL_I2CEx_EnableWakeUp:
 217              	.LVL16:
 218              	.LFB143:
ARM GAS  /tmp/ccsXgteC.s 			page 8


 185:Drivers/STM32H7xx_HAL_Driver/Src/stm32h7xx_hal_i2c_ex.c **** 
 186:Drivers/STM32H7xx_HAL_Driver/Src/stm32h7xx_hal_i2c_ex.c **** /**
 187:Drivers/STM32H7xx_HAL_Driver/Src/stm32h7xx_hal_i2c_ex.c ****   * @brief  Enable I2C wakeup from Stop mode(s).
 188:Drivers/STM32H7xx_HAL_Driver/Src/stm32h7xx_hal_i2c_ex.c ****   * @param  hi2c Pointer to a I2C_HandleTypeDef structure that contains
 189:Drivers/STM32H7xx_HAL_Driver/Src/stm32h7xx_hal_i2c_ex.c ****   *                the configuration information for the specified I2Cx peripheral.
 190:Drivers/STM32H7xx_HAL_Driver/Src/stm32h7xx_hal_i2c_ex.c ****   * @retval HAL status
 191:Drivers/STM32H7xx_HAL_Driver/Src/stm32h7xx_hal_i2c_ex.c ****   */
 192:Drivers/STM32H7xx_HAL_Driver/Src/stm32h7xx_hal_i2c_ex.c **** HAL_StatusTypeDef HAL_I2CEx_EnableWakeUp(I2C_HandleTypeDef *hi2c)
 193:Drivers/STM32H7xx_HAL_Driver/Src/stm32h7xx_hal_i2c_ex.c **** {
 219              		.loc 1 193 1 is_stmt 1 view -0
 220              		.cfi_startproc
 221              		@ args = 0, pretend = 0, frame = 0
 222              		@ frame_needed = 0, uses_anonymous_args = 0
 223              		@ link register save eliminated.
 194:Drivers/STM32H7xx_HAL_Driver/Src/stm32h7xx_hal_i2c_ex.c ****   /* Check the parameters */
 195:Drivers/STM32H7xx_HAL_Driver/Src/stm32h7xx_hal_i2c_ex.c ****   assert_param(IS_I2C_WAKEUP_FROMSTOP_INSTANCE(hi2c->Instance));
 224              		.loc 1 195 3 view .LVU66
 196:Drivers/STM32H7xx_HAL_Driver/Src/stm32h7xx_hal_i2c_ex.c **** 
 197:Drivers/STM32H7xx_HAL_Driver/Src/stm32h7xx_hal_i2c_ex.c ****   if (hi2c->State == HAL_I2C_STATE_READY)
 225              		.loc 1 197 3 view .LVU67
 226              		.loc 1 197 11 is_stmt 0 view .LVU68
 227 0000 90F84130 		ldrb	r3, [r0, #65]	@ zero_extendqisi2
 228 0004 DBB2     		uxtb	r3, r3
 229              		.loc 1 197 6 view .LVU69
 230 0006 202B     		cmp	r3, #32
 231 0008 20D1     		bne	.L11
 198:Drivers/STM32H7xx_HAL_Driver/Src/stm32h7xx_hal_i2c_ex.c ****   {
 199:Drivers/STM32H7xx_HAL_Driver/Src/stm32h7xx_hal_i2c_ex.c ****     /* Process Locked */
 200:Drivers/STM32H7xx_HAL_Driver/Src/stm32h7xx_hal_i2c_ex.c ****     __HAL_LOCK(hi2c);
 232              		.loc 1 200 5 is_stmt 1 view .LVU70
 233              		.loc 1 200 5 view .LVU71
 234 000a 90F84030 		ldrb	r3, [r0, #64]	@ zero_extendqisi2
 235 000e 012B     		cmp	r3, #1
 236 0010 1ED0     		beq	.L12
 237              		.loc 1 200 5 discriminator 2 view .LVU72
 238 0012 0123     		movs	r3, #1
 239 0014 80F84030 		strb	r3, [r0, #64]
 201:Drivers/STM32H7xx_HAL_Driver/Src/stm32h7xx_hal_i2c_ex.c **** 
 202:Drivers/STM32H7xx_HAL_Driver/Src/stm32h7xx_hal_i2c_ex.c ****     hi2c->State = HAL_I2C_STATE_BUSY;
 240              		.loc 1 202 5 discriminator 2 view .LVU73
 241              		.loc 1 202 17 is_stmt 0 discriminator 2 view .LVU74
 242 0018 2423     		movs	r3, #36
 243 001a 80F84130 		strb	r3, [r0, #65]
 203:Drivers/STM32H7xx_HAL_Driver/Src/stm32h7xx_hal_i2c_ex.c **** 
 204:Drivers/STM32H7xx_HAL_Driver/Src/stm32h7xx_hal_i2c_ex.c ****     /* Disable the selected I2C peripheral */
 205:Drivers/STM32H7xx_HAL_Driver/Src/stm32h7xx_hal_i2c_ex.c ****     __HAL_I2C_DISABLE(hi2c);
 244              		.loc 1 205 5 is_stmt 1 discriminator 2 view .LVU75
 245 001e 0268     		ldr	r2, [r0]
 246 0020 1368     		ldr	r3, [r2]
 247 0022 23F00103 		bic	r3, r3, #1
 248 0026 1360     		str	r3, [r2]
 206:Drivers/STM32H7xx_HAL_Driver/Src/stm32h7xx_hal_i2c_ex.c **** 
 207:Drivers/STM32H7xx_HAL_Driver/Src/stm32h7xx_hal_i2c_ex.c ****     /* Enable wakeup from stop mode */
 208:Drivers/STM32H7xx_HAL_Driver/Src/stm32h7xx_hal_i2c_ex.c ****     hi2c->Instance->CR1 |= I2C_CR1_WUPEN;
 249              		.loc 1 208 5 discriminator 2 view .LVU76
 250              		.loc 1 208 9 is_stmt 0 discriminator 2 view .LVU77
 251 0028 0268     		ldr	r2, [r0]
ARM GAS  /tmp/ccsXgteC.s 			page 9


 252              		.loc 1 208 25 discriminator 2 view .LVU78
 253 002a 1368     		ldr	r3, [r2]
 254 002c 43F48023 		orr	r3, r3, #262144
 255 0030 1360     		str	r3, [r2]
 209:Drivers/STM32H7xx_HAL_Driver/Src/stm32h7xx_hal_i2c_ex.c **** 
 210:Drivers/STM32H7xx_HAL_Driver/Src/stm32h7xx_hal_i2c_ex.c ****     __HAL_I2C_ENABLE(hi2c);
 256              		.loc 1 210 5 is_stmt 1 discriminator 2 view .LVU79
 257 0032 0268     		ldr	r2, [r0]
 258 0034 1368     		ldr	r3, [r2]
 259 0036 43F00103 		orr	r3, r3, #1
 260 003a 1360     		str	r3, [r2]
 211:Drivers/STM32H7xx_HAL_Driver/Src/stm32h7xx_hal_i2c_ex.c **** 
 212:Drivers/STM32H7xx_HAL_Driver/Src/stm32h7xx_hal_i2c_ex.c ****     hi2c->State = HAL_I2C_STATE_READY;
 261              		.loc 1 212 5 discriminator 2 view .LVU80
 262              		.loc 1 212 17 is_stmt 0 discriminator 2 view .LVU81
 263 003c 2023     		movs	r3, #32
 264 003e 80F84130 		strb	r3, [r0, #65]
 213:Drivers/STM32H7xx_HAL_Driver/Src/stm32h7xx_hal_i2c_ex.c **** 
 214:Drivers/STM32H7xx_HAL_Driver/Src/stm32h7xx_hal_i2c_ex.c ****     /* Process Unlocked */
 215:Drivers/STM32H7xx_HAL_Driver/Src/stm32h7xx_hal_i2c_ex.c ****     __HAL_UNLOCK(hi2c);
 265              		.loc 1 215 5 is_stmt 1 discriminator 2 view .LVU82
 266              		.loc 1 215 5 discriminator 2 view .LVU83
 267 0042 0023     		movs	r3, #0
 268 0044 80F84030 		strb	r3, [r0, #64]
 216:Drivers/STM32H7xx_HAL_Driver/Src/stm32h7xx_hal_i2c_ex.c **** 
 217:Drivers/STM32H7xx_HAL_Driver/Src/stm32h7xx_hal_i2c_ex.c ****     return HAL_OK;
 269              		.loc 1 217 5 discriminator 2 view .LVU84
 270              		.loc 1 217 12 is_stmt 0 discriminator 2 view .LVU85
 271 0048 1846     		mov	r0, r3
 272              	.LVL17:
 273              		.loc 1 217 12 discriminator 2 view .LVU86
 274 004a 7047     		bx	lr
 275              	.LVL18:
 276              	.L11:
 218:Drivers/STM32H7xx_HAL_Driver/Src/stm32h7xx_hal_i2c_ex.c ****   }
 219:Drivers/STM32H7xx_HAL_Driver/Src/stm32h7xx_hal_i2c_ex.c ****   else
 220:Drivers/STM32H7xx_HAL_Driver/Src/stm32h7xx_hal_i2c_ex.c ****   {
 221:Drivers/STM32H7xx_HAL_Driver/Src/stm32h7xx_hal_i2c_ex.c ****     return HAL_BUSY;
 277              		.loc 1 221 12 view .LVU87
 278 004c 0220     		movs	r0, #2
 279              	.LVL19:
 280              		.loc 1 221 12 view .LVU88
 281 004e 7047     		bx	lr
 282              	.LVL20:
 283              	.L12:
 200:Drivers/STM32H7xx_HAL_Driver/Src/stm32h7xx_hal_i2c_ex.c **** 
 284              		.loc 1 200 5 view .LVU89
 285 0050 0220     		movs	r0, #2
 286              	.LVL21:
 222:Drivers/STM32H7xx_HAL_Driver/Src/stm32h7xx_hal_i2c_ex.c ****   }
 223:Drivers/STM32H7xx_HAL_Driver/Src/stm32h7xx_hal_i2c_ex.c **** }
 287              		.loc 1 223 1 view .LVU90
 288 0052 7047     		bx	lr
 289              		.cfi_endproc
 290              	.LFE143:
 292              		.section	.text.HAL_I2CEx_DisableWakeUp,"ax",%progbits
 293              		.align	1
ARM GAS  /tmp/ccsXgteC.s 			page 10


 294              		.global	HAL_I2CEx_DisableWakeUp
 295              		.syntax unified
 296              		.thumb
 297              		.thumb_func
 298              		.fpu fpv5-d16
 300              	HAL_I2CEx_DisableWakeUp:
 301              	.LVL22:
 302              	.LFB144:
 224:Drivers/STM32H7xx_HAL_Driver/Src/stm32h7xx_hal_i2c_ex.c **** 
 225:Drivers/STM32H7xx_HAL_Driver/Src/stm32h7xx_hal_i2c_ex.c **** /**
 226:Drivers/STM32H7xx_HAL_Driver/Src/stm32h7xx_hal_i2c_ex.c ****   * @brief  Disable I2C wakeup from Stop mode(s).
 227:Drivers/STM32H7xx_HAL_Driver/Src/stm32h7xx_hal_i2c_ex.c ****   * @param  hi2c Pointer to a I2C_HandleTypeDef structure that contains
 228:Drivers/STM32H7xx_HAL_Driver/Src/stm32h7xx_hal_i2c_ex.c ****   *                the configuration information for the specified I2Cx peripheral.
 229:Drivers/STM32H7xx_HAL_Driver/Src/stm32h7xx_hal_i2c_ex.c ****   * @retval HAL status
 230:Drivers/STM32H7xx_HAL_Driver/Src/stm32h7xx_hal_i2c_ex.c ****   */
 231:Drivers/STM32H7xx_HAL_Driver/Src/stm32h7xx_hal_i2c_ex.c **** HAL_StatusTypeDef HAL_I2CEx_DisableWakeUp(I2C_HandleTypeDef *hi2c)
 232:Drivers/STM32H7xx_HAL_Driver/Src/stm32h7xx_hal_i2c_ex.c **** {
 303              		.loc 1 232 1 is_stmt 1 view -0
 304              		.cfi_startproc
 305              		@ args = 0, pretend = 0, frame = 0
 306              		@ frame_needed = 0, uses_anonymous_args = 0
 307              		@ link register save eliminated.
 233:Drivers/STM32H7xx_HAL_Driver/Src/stm32h7xx_hal_i2c_ex.c ****   /* Check the parameters */
 234:Drivers/STM32H7xx_HAL_Driver/Src/stm32h7xx_hal_i2c_ex.c ****   assert_param(IS_I2C_WAKEUP_FROMSTOP_INSTANCE(hi2c->Instance));
 308              		.loc 1 234 3 view .LVU92
 235:Drivers/STM32H7xx_HAL_Driver/Src/stm32h7xx_hal_i2c_ex.c **** 
 236:Drivers/STM32H7xx_HAL_Driver/Src/stm32h7xx_hal_i2c_ex.c ****   if (hi2c->State == HAL_I2C_STATE_READY)
 309              		.loc 1 236 3 view .LVU93
 310              		.loc 1 236 11 is_stmt 0 view .LVU94
 311 0000 90F84130 		ldrb	r3, [r0, #65]	@ zero_extendqisi2
 312 0004 DBB2     		uxtb	r3, r3
 313              		.loc 1 236 6 view .LVU95
 314 0006 202B     		cmp	r3, #32
 315 0008 20D1     		bne	.L15
 237:Drivers/STM32H7xx_HAL_Driver/Src/stm32h7xx_hal_i2c_ex.c ****   {
 238:Drivers/STM32H7xx_HAL_Driver/Src/stm32h7xx_hal_i2c_ex.c ****     /* Process Locked */
 239:Drivers/STM32H7xx_HAL_Driver/Src/stm32h7xx_hal_i2c_ex.c ****     __HAL_LOCK(hi2c);
 316              		.loc 1 239 5 is_stmt 1 view .LVU96
 317              		.loc 1 239 5 view .LVU97
 318 000a 90F84030 		ldrb	r3, [r0, #64]	@ zero_extendqisi2
 319 000e 012B     		cmp	r3, #1
 320 0010 1ED0     		beq	.L16
 321              		.loc 1 239 5 discriminator 2 view .LVU98
 322 0012 0123     		movs	r3, #1
 323 0014 80F84030 		strb	r3, [r0, #64]
 240:Drivers/STM32H7xx_HAL_Driver/Src/stm32h7xx_hal_i2c_ex.c **** 
 241:Drivers/STM32H7xx_HAL_Driver/Src/stm32h7xx_hal_i2c_ex.c ****     hi2c->State = HAL_I2C_STATE_BUSY;
 324              		.loc 1 241 5 discriminator 2 view .LVU99
 325              		.loc 1 241 17 is_stmt 0 discriminator 2 view .LVU100
 326 0018 2423     		movs	r3, #36
 327 001a 80F84130 		strb	r3, [r0, #65]
 242:Drivers/STM32H7xx_HAL_Driver/Src/stm32h7xx_hal_i2c_ex.c **** 
 243:Drivers/STM32H7xx_HAL_Driver/Src/stm32h7xx_hal_i2c_ex.c ****     /* Disable the selected I2C peripheral */
 244:Drivers/STM32H7xx_HAL_Driver/Src/stm32h7xx_hal_i2c_ex.c ****     __HAL_I2C_DISABLE(hi2c);
 328              		.loc 1 244 5 is_stmt 1 discriminator 2 view .LVU101
 329 001e 0268     		ldr	r2, [r0]
 330 0020 1368     		ldr	r3, [r2]
ARM GAS  /tmp/ccsXgteC.s 			page 11


 331 0022 23F00103 		bic	r3, r3, #1
 332 0026 1360     		str	r3, [r2]
 245:Drivers/STM32H7xx_HAL_Driver/Src/stm32h7xx_hal_i2c_ex.c **** 
 246:Drivers/STM32H7xx_HAL_Driver/Src/stm32h7xx_hal_i2c_ex.c ****     /* Enable wakeup from stop mode */
 247:Drivers/STM32H7xx_HAL_Driver/Src/stm32h7xx_hal_i2c_ex.c ****     hi2c->Instance->CR1 &= ~(I2C_CR1_WUPEN);
 333              		.loc 1 247 5 discriminator 2 view .LVU102
 334              		.loc 1 247 9 is_stmt 0 discriminator 2 view .LVU103
 335 0028 0268     		ldr	r2, [r0]
 336              		.loc 1 247 25 discriminator 2 view .LVU104
 337 002a 1368     		ldr	r3, [r2]
 338 002c 23F48023 		bic	r3, r3, #262144
 339 0030 1360     		str	r3, [r2]
 248:Drivers/STM32H7xx_HAL_Driver/Src/stm32h7xx_hal_i2c_ex.c **** 
 249:Drivers/STM32H7xx_HAL_Driver/Src/stm32h7xx_hal_i2c_ex.c ****     __HAL_I2C_ENABLE(hi2c);
 340              		.loc 1 249 5 is_stmt 1 discriminator 2 view .LVU105
 341 0032 0268     		ldr	r2, [r0]
 342 0034 1368     		ldr	r3, [r2]
 343 0036 43F00103 		orr	r3, r3, #1
 344 003a 1360     		str	r3, [r2]
 250:Drivers/STM32H7xx_HAL_Driver/Src/stm32h7xx_hal_i2c_ex.c **** 
 251:Drivers/STM32H7xx_HAL_Driver/Src/stm32h7xx_hal_i2c_ex.c ****     hi2c->State = HAL_I2C_STATE_READY;
 345              		.loc 1 251 5 discriminator 2 view .LVU106
 346              		.loc 1 251 17 is_stmt 0 discriminator 2 view .LVU107
 347 003c 2023     		movs	r3, #32
 348 003e 80F84130 		strb	r3, [r0, #65]
 252:Drivers/STM32H7xx_HAL_Driver/Src/stm32h7xx_hal_i2c_ex.c **** 
 253:Drivers/STM32H7xx_HAL_Driver/Src/stm32h7xx_hal_i2c_ex.c ****     /* Process Unlocked */
 254:Drivers/STM32H7xx_HAL_Driver/Src/stm32h7xx_hal_i2c_ex.c ****     __HAL_UNLOCK(hi2c);
 349              		.loc 1 254 5 is_stmt 1 discriminator 2 view .LVU108
 350              		.loc 1 254 5 discriminator 2 view .LVU109
 351 0042 0023     		movs	r3, #0
 352 0044 80F84030 		strb	r3, [r0, #64]
 255:Drivers/STM32H7xx_HAL_Driver/Src/stm32h7xx_hal_i2c_ex.c **** 
 256:Drivers/STM32H7xx_HAL_Driver/Src/stm32h7xx_hal_i2c_ex.c ****     return HAL_OK;
 353              		.loc 1 256 5 discriminator 2 view .LVU110
 354              		.loc 1 256 12 is_stmt 0 discriminator 2 view .LVU111
 355 0048 1846     		mov	r0, r3
 356              	.LVL23:
 357              		.loc 1 256 12 discriminator 2 view .LVU112
 358 004a 7047     		bx	lr
 359              	.LVL24:
 360              	.L15:
 257:Drivers/STM32H7xx_HAL_Driver/Src/stm32h7xx_hal_i2c_ex.c ****   }
 258:Drivers/STM32H7xx_HAL_Driver/Src/stm32h7xx_hal_i2c_ex.c ****   else
 259:Drivers/STM32H7xx_HAL_Driver/Src/stm32h7xx_hal_i2c_ex.c ****   {
 260:Drivers/STM32H7xx_HAL_Driver/Src/stm32h7xx_hal_i2c_ex.c ****     return HAL_BUSY;
 361              		.loc 1 260 12 view .LVU113
 362 004c 0220     		movs	r0, #2
 363              	.LVL25:
 364              		.loc 1 260 12 view .LVU114
 365 004e 7047     		bx	lr
 366              	.LVL26:
 367              	.L16:
 239:Drivers/STM32H7xx_HAL_Driver/Src/stm32h7xx_hal_i2c_ex.c **** 
 368              		.loc 1 239 5 view .LVU115
 369 0050 0220     		movs	r0, #2
 370              	.LVL27:
ARM GAS  /tmp/ccsXgteC.s 			page 12


 261:Drivers/STM32H7xx_HAL_Driver/Src/stm32h7xx_hal_i2c_ex.c ****   }
 262:Drivers/STM32H7xx_HAL_Driver/Src/stm32h7xx_hal_i2c_ex.c **** }
 371              		.loc 1 262 1 view .LVU116
 372 0052 7047     		bx	lr
 373              		.cfi_endproc
 374              	.LFE144:
 376              		.section	.text.HAL_I2CEx_EnableFastModePlus,"ax",%progbits
 377              		.align	1
 378              		.global	HAL_I2CEx_EnableFastModePlus
 379              		.syntax unified
 380              		.thumb
 381              		.thumb_func
 382              		.fpu fpv5-d16
 384              	HAL_I2CEx_EnableFastModePlus:
 385              	.LVL28:
 386              	.LFB145:
 263:Drivers/STM32H7xx_HAL_Driver/Src/stm32h7xx_hal_i2c_ex.c **** 
 264:Drivers/STM32H7xx_HAL_Driver/Src/stm32h7xx_hal_i2c_ex.c **** /**
 265:Drivers/STM32H7xx_HAL_Driver/Src/stm32h7xx_hal_i2c_ex.c ****   * @brief Enable the I2C fast mode plus driving capability.
 266:Drivers/STM32H7xx_HAL_Driver/Src/stm32h7xx_hal_i2c_ex.c ****   * @param ConfigFastModePlus Selects the pin.
 267:Drivers/STM32H7xx_HAL_Driver/Src/stm32h7xx_hal_i2c_ex.c ****   *   This parameter can be one of the @ref I2CEx_FastModePlus values
 268:Drivers/STM32H7xx_HAL_Driver/Src/stm32h7xx_hal_i2c_ex.c ****   * @note  For I2C1, fast mode plus driving capability can be enabled on all selected
 269:Drivers/STM32H7xx_HAL_Driver/Src/stm32h7xx_hal_i2c_ex.c ****   *        I2C1 pins using I2C_FASTMODEPLUS_I2C1 parameter or independently
 270:Drivers/STM32H7xx_HAL_Driver/Src/stm32h7xx_hal_i2c_ex.c ****   *        on each one of the following pins PB6, PB7, PB8 and PB9.
 271:Drivers/STM32H7xx_HAL_Driver/Src/stm32h7xx_hal_i2c_ex.c ****   * @note  For remaining I2C1 pins (PA14, PA15...) fast mode plus driving capability
 272:Drivers/STM32H7xx_HAL_Driver/Src/stm32h7xx_hal_i2c_ex.c ****   *        can be enabled only by using I2C_FASTMODEPLUS_I2C1 parameter.
 273:Drivers/STM32H7xx_HAL_Driver/Src/stm32h7xx_hal_i2c_ex.c ****   * @note  For all I2C2 pins fast mode plus driving capability can be enabled
 274:Drivers/STM32H7xx_HAL_Driver/Src/stm32h7xx_hal_i2c_ex.c ****   *        only by using I2C_FASTMODEPLUS_I2C2 parameter.
 275:Drivers/STM32H7xx_HAL_Driver/Src/stm32h7xx_hal_i2c_ex.c ****   * @note  For all I2C3 pins fast mode plus driving capability can be enabled
 276:Drivers/STM32H7xx_HAL_Driver/Src/stm32h7xx_hal_i2c_ex.c ****   *        only by using I2C_FASTMODEPLUS_I2C3 parameter.
 277:Drivers/STM32H7xx_HAL_Driver/Src/stm32h7xx_hal_i2c_ex.c ****   * @note  For all I2C4 pins fast mode plus driving capability can be enabled
 278:Drivers/STM32H7xx_HAL_Driver/Src/stm32h7xx_hal_i2c_ex.c ****   *        only by using I2C_FASTMODEPLUS_I2C4 parameter.
 279:Drivers/STM32H7xx_HAL_Driver/Src/stm32h7xx_hal_i2c_ex.c ****   * @retval None
 280:Drivers/STM32H7xx_HAL_Driver/Src/stm32h7xx_hal_i2c_ex.c ****   */
 281:Drivers/STM32H7xx_HAL_Driver/Src/stm32h7xx_hal_i2c_ex.c **** void HAL_I2CEx_EnableFastModePlus(uint32_t ConfigFastModePlus)
 282:Drivers/STM32H7xx_HAL_Driver/Src/stm32h7xx_hal_i2c_ex.c **** {
 387              		.loc 1 282 1 is_stmt 1 view -0
 388              		.cfi_startproc
 389              		@ args = 0, pretend = 0, frame = 8
 390              		@ frame_needed = 0, uses_anonymous_args = 0
 391              		@ link register save eliminated.
 392              		.loc 1 282 1 is_stmt 0 view .LVU118
 393 0000 82B0     		sub	sp, sp, #8
 394              	.LCFI0:
 395              		.cfi_def_cfa_offset 8
 283:Drivers/STM32H7xx_HAL_Driver/Src/stm32h7xx_hal_i2c_ex.c ****   /* Check the parameter */
 284:Drivers/STM32H7xx_HAL_Driver/Src/stm32h7xx_hal_i2c_ex.c ****   assert_param(IS_I2C_FASTMODEPLUS(ConfigFastModePlus));
 396              		.loc 1 284 3 is_stmt 1 view .LVU119
 285:Drivers/STM32H7xx_HAL_Driver/Src/stm32h7xx_hal_i2c_ex.c **** 
 286:Drivers/STM32H7xx_HAL_Driver/Src/stm32h7xx_hal_i2c_ex.c ****   /* Enable SYSCFG clock */
 287:Drivers/STM32H7xx_HAL_Driver/Src/stm32h7xx_hal_i2c_ex.c ****   __HAL_RCC_SYSCFG_CLK_ENABLE();
 397              		.loc 1 287 3 view .LVU120
 398              	.LBB2:
 399              		.loc 1 287 3 view .LVU121
 400              		.loc 1 287 3 view .LVU122
 401 0002 094A     		ldr	r2, .L19
 402 0004 D2F8F410 		ldr	r1, [r2, #244]
ARM GAS  /tmp/ccsXgteC.s 			page 13


 403 0008 41F00201 		orr	r1, r1, #2
 404 000c C2F8F410 		str	r1, [r2, #244]
 405              		.loc 1 287 3 view .LVU123
 406 0010 D2F8F420 		ldr	r2, [r2, #244]
 407 0014 02F00202 		and	r2, r2, #2
 408 0018 0192     		str	r2, [sp, #4]
 409              		.loc 1 287 3 view .LVU124
 410 001a 019B     		ldr	r3, [sp, #4]
 411              	.LBE2:
 288:Drivers/STM32H7xx_HAL_Driver/Src/stm32h7xx_hal_i2c_ex.c **** 
 289:Drivers/STM32H7xx_HAL_Driver/Src/stm32h7xx_hal_i2c_ex.c ****   /* Enable fast mode plus driving capability for selected pin */
 290:Drivers/STM32H7xx_HAL_Driver/Src/stm32h7xx_hal_i2c_ex.c ****   SET_BIT(SYSCFG->PMCR, (uint32_t)ConfigFastModePlus);
 412              		.loc 1 290 3 view .LVU125
 413 001c 034A     		ldr	r2, .L19+4
 414 001e 5368     		ldr	r3, [r2, #4]
 415 0020 0343     		orrs	r3, r3, r0
 416 0022 5360     		str	r3, [r2, #4]
 291:Drivers/STM32H7xx_HAL_Driver/Src/stm32h7xx_hal_i2c_ex.c **** }
 417              		.loc 1 291 1 is_stmt 0 view .LVU126
 418 0024 02B0     		add	sp, sp, #8
 419              	.LCFI1:
 420              		.cfi_def_cfa_offset 0
 421              		@ sp needed
 422 0026 7047     		bx	lr
 423              	.L20:
 424              		.align	2
 425              	.L19:
 426 0028 00440258 		.word	1476543488
 427 002c 00040058 		.word	1476396032
 428              		.cfi_endproc
 429              	.LFE145:
 431              		.section	.text.HAL_I2CEx_DisableFastModePlus,"ax",%progbits
 432              		.align	1
 433              		.global	HAL_I2CEx_DisableFastModePlus
 434              		.syntax unified
 435              		.thumb
 436              		.thumb_func
 437              		.fpu fpv5-d16
 439              	HAL_I2CEx_DisableFastModePlus:
 440              	.LVL29:
 441              	.LFB146:
 292:Drivers/STM32H7xx_HAL_Driver/Src/stm32h7xx_hal_i2c_ex.c **** 
 293:Drivers/STM32H7xx_HAL_Driver/Src/stm32h7xx_hal_i2c_ex.c **** /**
 294:Drivers/STM32H7xx_HAL_Driver/Src/stm32h7xx_hal_i2c_ex.c ****   * @brief Disable the I2C fast mode plus driving capability.
 295:Drivers/STM32H7xx_HAL_Driver/Src/stm32h7xx_hal_i2c_ex.c ****   * @param ConfigFastModePlus Selects the pin.
 296:Drivers/STM32H7xx_HAL_Driver/Src/stm32h7xx_hal_i2c_ex.c ****   *   This parameter can be one of the @ref I2CEx_FastModePlus values
 297:Drivers/STM32H7xx_HAL_Driver/Src/stm32h7xx_hal_i2c_ex.c ****   * @note  For I2C1, fast mode plus driving capability can be disabled on all selected
 298:Drivers/STM32H7xx_HAL_Driver/Src/stm32h7xx_hal_i2c_ex.c ****   *        I2C1 pins using I2C_FASTMODEPLUS_I2C1 parameter or independently
 299:Drivers/STM32H7xx_HAL_Driver/Src/stm32h7xx_hal_i2c_ex.c ****   *        on each one of the following pins PB6, PB7, PB8 and PB9.
 300:Drivers/STM32H7xx_HAL_Driver/Src/stm32h7xx_hal_i2c_ex.c ****   * @note  For remaining I2C1 pins (PA14, PA15...) fast mode plus driving capability
 301:Drivers/STM32H7xx_HAL_Driver/Src/stm32h7xx_hal_i2c_ex.c ****   *        can be disabled only by using I2C_FASTMODEPLUS_I2C1 parameter.
 302:Drivers/STM32H7xx_HAL_Driver/Src/stm32h7xx_hal_i2c_ex.c ****   * @note  For all I2C2 pins fast mode plus driving capability can be disabled
 303:Drivers/STM32H7xx_HAL_Driver/Src/stm32h7xx_hal_i2c_ex.c ****   *        only by using I2C_FASTMODEPLUS_I2C2 parameter.
 304:Drivers/STM32H7xx_HAL_Driver/Src/stm32h7xx_hal_i2c_ex.c ****   * @note  For all I2C3 pins fast mode plus driving capability can be disabled
 305:Drivers/STM32H7xx_HAL_Driver/Src/stm32h7xx_hal_i2c_ex.c ****   *        only by using I2C_FASTMODEPLUS_I2C3 parameter.
 306:Drivers/STM32H7xx_HAL_Driver/Src/stm32h7xx_hal_i2c_ex.c ****   * @note  For all I2C4 pins fast mode plus driving capability can be disabled
 307:Drivers/STM32H7xx_HAL_Driver/Src/stm32h7xx_hal_i2c_ex.c ****   *        only by using I2C_FASTMODEPLUS_I2C4 parameter.
ARM GAS  /tmp/ccsXgteC.s 			page 14


 308:Drivers/STM32H7xx_HAL_Driver/Src/stm32h7xx_hal_i2c_ex.c ****   * @retval None
 309:Drivers/STM32H7xx_HAL_Driver/Src/stm32h7xx_hal_i2c_ex.c ****   */
 310:Drivers/STM32H7xx_HAL_Driver/Src/stm32h7xx_hal_i2c_ex.c **** void HAL_I2CEx_DisableFastModePlus(uint32_t ConfigFastModePlus)
 311:Drivers/STM32H7xx_HAL_Driver/Src/stm32h7xx_hal_i2c_ex.c **** {
 442              		.loc 1 311 1 is_stmt 1 view -0
 443              		.cfi_startproc
 444              		@ args = 0, pretend = 0, frame = 8
 445              		@ frame_needed = 0, uses_anonymous_args = 0
 446              		@ link register save eliminated.
 447              		.loc 1 311 1 is_stmt 0 view .LVU128
 448 0000 82B0     		sub	sp, sp, #8
 449              	.LCFI2:
 450              		.cfi_def_cfa_offset 8
 312:Drivers/STM32H7xx_HAL_Driver/Src/stm32h7xx_hal_i2c_ex.c ****   /* Check the parameter */
 313:Drivers/STM32H7xx_HAL_Driver/Src/stm32h7xx_hal_i2c_ex.c ****   assert_param(IS_I2C_FASTMODEPLUS(ConfigFastModePlus));
 451              		.loc 1 313 3 is_stmt 1 view .LVU129
 314:Drivers/STM32H7xx_HAL_Driver/Src/stm32h7xx_hal_i2c_ex.c **** 
 315:Drivers/STM32H7xx_HAL_Driver/Src/stm32h7xx_hal_i2c_ex.c ****   /* Enable SYSCFG clock */
 316:Drivers/STM32H7xx_HAL_Driver/Src/stm32h7xx_hal_i2c_ex.c ****   __HAL_RCC_SYSCFG_CLK_ENABLE();
 452              		.loc 1 316 3 view .LVU130
 453              	.LBB3:
 454              		.loc 1 316 3 view .LVU131
 455              		.loc 1 316 3 view .LVU132
 456 0002 0A4A     		ldr	r2, .L23
 457 0004 D2F8F410 		ldr	r1, [r2, #244]
 458 0008 41F00201 		orr	r1, r1, #2
 459 000c C2F8F410 		str	r1, [r2, #244]
 460              		.loc 1 316 3 view .LVU133
 461 0010 D2F8F420 		ldr	r2, [r2, #244]
 462 0014 02F00202 		and	r2, r2, #2
 463 0018 0192     		str	r2, [sp, #4]
 464              		.loc 1 316 3 view .LVU134
 465 001a 019B     		ldr	r3, [sp, #4]
 466              	.LBE3:
 317:Drivers/STM32H7xx_HAL_Driver/Src/stm32h7xx_hal_i2c_ex.c **** 
 318:Drivers/STM32H7xx_HAL_Driver/Src/stm32h7xx_hal_i2c_ex.c ****   /* Disable fast mode plus driving capability for selected pin */
 319:Drivers/STM32H7xx_HAL_Driver/Src/stm32h7xx_hal_i2c_ex.c ****   CLEAR_BIT(SYSCFG->PMCR, (uint32_t)ConfigFastModePlus);
 467              		.loc 1 319 3 view .LVU135
 468 001c 044A     		ldr	r2, .L23+4
 469 001e 5368     		ldr	r3, [r2, #4]
 470 0020 23EA0003 		bic	r3, r3, r0
 471 0024 5360     		str	r3, [r2, #4]
 320:Drivers/STM32H7xx_HAL_Driver/Src/stm32h7xx_hal_i2c_ex.c **** }
 472              		.loc 1 320 1 is_stmt 0 view .LVU136
 473 0026 02B0     		add	sp, sp, #8
 474              	.LCFI3:
 475              		.cfi_def_cfa_offset 0
 476              		@ sp needed
 477 0028 7047     		bx	lr
 478              	.L24:
 479 002a 00BF     		.align	2
 480              	.L23:
 481 002c 00440258 		.word	1476543488
 482 0030 00040058 		.word	1476396032
 483              		.cfi_endproc
 484              	.LFE146:
 486              		.text
ARM GAS  /tmp/ccsXgteC.s 			page 15


 487              	.Letext0:
 488              		.file 2 "/usr/arm-none-eabi/include/machine/_default_types.h"
 489              		.file 3 "/usr/arm-none-eabi/include/sys/_stdint.h"
 490              		.file 4 "Drivers/CMSIS/Include/core_cm7.h"
 491              		.file 5 "Drivers/CMSIS/Device/ST/STM32H7xx/Include/system_stm32h7xx.h"
 492              		.file 6 "Drivers/CMSIS/Device/ST/STM32H7xx/Include/stm32h743xx.h"
 493              		.file 7 "/usr/arm-none-eabi/include/sys/lock.h"
 494              		.file 8 "/usr/arm-none-eabi/include/sys/_types.h"
 495              		.file 9 "/usr/lib/gcc/arm-none-eabi/9.1.0/include/stddef.h"
 496              		.file 10 "/usr/arm-none-eabi/include/sys/reent.h"
 497              		.file 11 "/usr/arm-none-eabi/include/math.h"
 498              		.file 12 "Drivers/STM32H7xx_HAL_Driver/Inc/stm32h7xx_hal_def.h"
 499              		.file 13 "Drivers/STM32H7xx_HAL_Driver/Inc/stm32h7xx_hal_dma.h"
 500              		.file 14 "Drivers/STM32H7xx_HAL_Driver/Inc/stm32h7xx_hal_flash.h"
 501              		.file 15 "Drivers/STM32H7xx_HAL_Driver/Inc/stm32h7xx_hal_i2c.h"
 502              		.file 16 "Drivers/STM32H7xx_HAL_Driver/Inc/stm32h7xx_hal.h"
ARM GAS  /tmp/ccsXgteC.s 			page 16


DEFINED SYMBOLS
                            *ABS*:0000000000000000 stm32h7xx_hal_i2c_ex.c
     /tmp/ccsXgteC.s:17     .text.HAL_I2CEx_ConfigAnalogFilter:0000000000000000 $t
     /tmp/ccsXgteC.s:25     .text.HAL_I2CEx_ConfigAnalogFilter:0000000000000000 HAL_I2CEx_ConfigAnalogFilter
     /tmp/ccsXgteC.s:113    .text.HAL_I2CEx_ConfigDigitalFilter:0000000000000000 $t
     /tmp/ccsXgteC.s:120    .text.HAL_I2CEx_ConfigDigitalFilter:0000000000000000 HAL_I2CEx_ConfigDigitalFilter
     /tmp/ccsXgteC.s:209    .text.HAL_I2CEx_EnableWakeUp:0000000000000000 $t
     /tmp/ccsXgteC.s:216    .text.HAL_I2CEx_EnableWakeUp:0000000000000000 HAL_I2CEx_EnableWakeUp
     /tmp/ccsXgteC.s:293    .text.HAL_I2CEx_DisableWakeUp:0000000000000000 $t
     /tmp/ccsXgteC.s:300    .text.HAL_I2CEx_DisableWakeUp:0000000000000000 HAL_I2CEx_DisableWakeUp
     /tmp/ccsXgteC.s:377    .text.HAL_I2CEx_EnableFastModePlus:0000000000000000 $t
     /tmp/ccsXgteC.s:384    .text.HAL_I2CEx_EnableFastModePlus:0000000000000000 HAL_I2CEx_EnableFastModePlus
     /tmp/ccsXgteC.s:426    .text.HAL_I2CEx_EnableFastModePlus:0000000000000028 $d
     /tmp/ccsXgteC.s:432    .text.HAL_I2CEx_DisableFastModePlus:0000000000000000 $t
     /tmp/ccsXgteC.s:439    .text.HAL_I2CEx_DisableFastModePlus:0000000000000000 HAL_I2CEx_DisableFastModePlus
     /tmp/ccsXgteC.s:481    .text.HAL_I2CEx_DisableFastModePlus:000000000000002c $d

NO UNDEFINED SYMBOLS
